[2024-07-22T07:33:17.555+0000] {taskinstance.py:1956} INFO - Dependencies all met for dep_context=non-requeueable deps ti=<TaskInstance: fact_order.transform_and_load_task manual__2024-07-22T07:33:08.169371+00:00 [queued]>
[2024-07-22T07:33:17.604+0000] {taskinstance.py:1956} INFO - Dependencies all met for dep_context=requeueable deps ti=<TaskInstance: fact_order.transform_and_load_task manual__2024-07-22T07:33:08.169371+00:00 [queued]>
[2024-07-22T07:33:17.606+0000] {taskinstance.py:2170} INFO - Starting attempt 1 of 1
[2024-07-22T07:33:17.654+0000] {taskinstance.py:2191} INFO - Executing <Task(_PythonDecoratedOperator): transform_and_load_task> on 2024-07-22 07:33:08.169371+00:00
[2024-07-22T07:33:17.709+0000] {standard_task_runner.py:60} INFO - Started process 9251 to run task
[2024-07-22T07:33:17.718+0000] {standard_task_runner.py:87} INFO - Running: ['***', 'tasks', 'run', 'fact_order', 'transform_and_load_task', 'manual__2024-07-22T07:33:08.169371+00:00', '--job-id', '212', '--raw', '--subdir', 'DAGS_FOLDER/fact_order.py', '--cfg-path', '/tmp/tmpadp4f00e']
[2024-07-22T07:33:17.720+0000] {standard_task_runner.py:88} INFO - Job 212: Subtask transform_and_load_task
[2024-07-22T07:33:17.838+0000] {task_command.py:423} INFO - Running <TaskInstance: fact_order.transform_and_load_task manual__2024-07-22T07:33:08.169371+00:00 [running]> on host 087c584822ad
[2024-07-22T07:33:18.086+0000] {taskinstance.py:2480} INFO - Exporting env vars: AIRFLOW_CTX_DAG_OWNER='***' AIRFLOW_CTX_DAG_ID='fact_order' AIRFLOW_CTX_TASK_ID='transform_and_load_task' AIRFLOW_CTX_EXECUTION_DATE='2024-07-22T07:33:08.169371+00:00' AIRFLOW_CTX_TRY_NUMBER='1' AIRFLOW_CTX_DAG_RUN_ID='manual__2024-07-22T07:33:08.169371+00:00'
[2024-07-22T07:33:19.768+0000] {pipeline_options.py:923} WARNING - Bucket specified in temp_location has soft-delete policy enabled. To avoid being billed for unnecessary storage costs, turn off the soft delete feature on buckets that your Dataflow jobs use for temporary and staging storage. For more information, see https://cloud.google.com/storage/docs/use-soft-delete#remove-soft-delete-policy.
[2024-07-22T07:33:20.074+0000] {pipeline_options.py:923} WARNING - Bucket specified in staging_location has soft-delete policy enabled. To avoid being billed for unnecessary storage costs, turn off the soft delete feature on buckets that your Dataflow jobs use for temporary and staging storage. For more information, see https://cloud.google.com/storage/docs/use-soft-delete#remove-soft-delete-policy.
[2024-07-22T07:33:23.484+0000] {pipeline_options.py:923} WARNING - Bucket specified in temp_location has soft-delete policy enabled. To avoid being billed for unnecessary storage costs, turn off the soft delete feature on buckets that your Dataflow jobs use for temporary and staging storage. For more information, see https://cloud.google.com/storage/docs/use-soft-delete#remove-soft-delete-policy.
[2024-07-22T07:33:23.761+0000] {pipeline_options.py:923} WARNING - Bucket specified in staging_location has soft-delete policy enabled. To avoid being billed for unnecessary storage costs, turn off the soft delete feature on buckets that your Dataflow jobs use for temporary and staging storage. For more information, see https://cloud.google.com/storage/docs/use-soft-delete#remove-soft-delete-policy.
[2024-07-22T07:33:24.287+0000] {stager.py:800} INFO - Executing command: ['/usr/local/bin/python', '-m', 'build', '--no-isolation', '--sdist', '--outdir', '/tmp/tmpuacnf88n', '/opt/***/plugins']
[2024-07-22T07:33:24.374+0000] {stager.py:810} INFO - Executing command: ['/usr/local/bin/python', 'setup.py', 'sdist', '--dist-dir', '/tmp/tmpuacnf88n']
[2024-07-22T07:33:27.889+0000] {dataflow_runner.py:397} INFO - Pipeline has additional dependencies to be installed in SDK worker container, consider using the SDK container image pre-building workflow to avoid repetitive installations. Learn more on https://cloud.google.com/dataflow/docs/guides/using-custom-containers#prebuild
[2024-07-22T07:33:27.901+0000] {environments.py:314} INFO - Using provided Python SDK container image: gcr.io/cloud-dataflow/v1beta3/beam_python3.8_sdk:2.57.0
[2024-07-22T07:33:27.902+0000] {environments.py:321} INFO - Python SDK container image set to "gcr.io/cloud-dataflow/v1beta3/beam_python3.8_sdk:2.57.0" for Docker environment
[2024-07-22T07:33:28.588+0000] {apiclient.py:663} INFO - Starting GCS upload to gs://ingestion_layer/staging/fact-order-bigquery-etl.1721633608.575286/workflow.tar.gz...
[2024-07-22T07:33:29.627+0000] {apiclient.py:673} INFO - Completed GCS upload to gs://ingestion_layer/staging/fact-order-bigquery-etl.1721633608.575286/workflow.tar.gz in 1 seconds.
[2024-07-22T07:33:29.629+0000] {apiclient.py:663} INFO - Starting GCS upload to gs://ingestion_layer/staging/fact-order-bigquery-etl.1721633608.575286/submission_environment_dependencies.txt...
[2024-07-22T07:33:30.539+0000] {apiclient.py:673} INFO - Completed GCS upload to gs://ingestion_layer/staging/fact-order-bigquery-etl.1721633608.575286/submission_environment_dependencies.txt in 0 seconds.
[2024-07-22T07:33:30.542+0000] {apiclient.py:663} INFO - Starting GCS upload to gs://ingestion_layer/staging/fact-order-bigquery-etl.1721633608.575286/pipeline.pb...
[2024-07-22T07:33:31.342+0000] {apiclient.py:673} INFO - Completed GCS upload to gs://ingestion_layer/staging/fact-order-bigquery-etl.1721633608.575286/pipeline.pb in 0 seconds.
[2024-07-22T07:33:31.356+0000] {pipeline_options.py:339} WARNING - Unknown pipeline options received: celery,worker. Ignore if flags are used for internal purposes.
[2024-07-22T07:33:31.368+0000] {pipeline_options.py:339} WARNING - Unknown pipeline options received: celery,worker. Ignore if flags are used for internal purposes.
[2024-07-22T07:33:32.813+0000] {apiclient.py:844} INFO - Create job: <Job
 clientRequestId: '20240722073328576781-3652'
 createTime: '2024-07-22T07:33:32.958176Z'
 currentStateTime: '1970-01-01T00:00:00Z'
 id: '2024-07-22_00_33_32-1877736479882082869'
 location: 'asia-southeast2'
 name: 'fact-order-bigquery-etl'
 projectId: 'liquid-kite-423215-s2'
 stageStates: []
 startTime: '2024-07-22T07:33:32.958176Z'
 steps: []
 tempFiles: []
 type: TypeValueValuesEnum(JOB_TYPE_BATCH, 1)>
[2024-07-22T07:33:32.822+0000] {apiclient.py:846} INFO - Created job with id: [2024-07-22_00_33_32-1877736479882082869]
[2024-07-22T07:33:32.824+0000] {apiclient.py:847} INFO - Submitted job: 2024-07-22_00_33_32-1877736479882082869
[2024-07-22T07:33:32.825+0000] {apiclient.py:848} INFO - To access the Dataflow monitoring console, please navigate to https://console.cloud.google.com/dataflow/jobs/asia-southeast2/2024-07-22_00_33_32-1877736479882082869?project=liquid-kite-423215-s2
[2024-07-22T07:33:33.194+0000] {dataflow_runner.py:153} INFO - Job 2024-07-22_00_33_32-1877736479882082869 is in state JOB_STATE_PENDING
[2024-07-22T07:33:38.366+0000] {dataflow_runner.py:203} INFO - 2024-07-22T07:33:36.283Z: JOB_MESSAGE_BASIC: Worker configuration: n1-standard-1 in asia-southeast2-c.
[2024-07-22T07:33:38.367+0000] {dataflow_runner.py:203} INFO - 2024-07-22T07:33:38.473Z: JOB_MESSAGE_BASIC: Executing operation WriteToBigQuery/WriteToBigQuery/BigQueryBatchFileLoads/ImpulseEmptyPC/Impulse+WriteToBigQuery/WriteToBigQuery/BigQueryBatchFileLoads/ImpulseEmptyPC/FlatMap(<lambda at core.py:3788>)+WriteToBigQuery/WriteToBigQuery/BigQueryBatchFileLoads/ImpulseEmptyPC/Map(decode)
[2024-07-22T07:33:38.368+0000] {dataflow_runner.py:203} INFO - 2024-07-22T07:33:38.485Z: JOB_MESSAGE_BASIC: Executing operation Start/Impulse+Start/FlatMap(<lambda at core.py:3788>)+Start/Map(decode)
[2024-07-22T07:33:38.542+0000] {dataflow_runner.py:153} INFO - Job 2024-07-22_00_33_32-1877736479882082869 is in state JOB_STATE_RUNNING
[2024-07-22T07:33:43.695+0000] {dataflow_runner.py:203} INFO - 2024-07-22T07:33:38.498Z: JOB_MESSAGE_BASIC: Executing operation ReadAvro/ReadAvro/Read/Impulse+ReadAvro/ReadAvro/Read/EmitSource+ref_AppliedPTransform_ReadAvro-ReadAvro-Read-SDFBoundedSourceReader-ParDo-SDFBoundedSourceDoFn-_13/PairWithRestriction+ref_AppliedPTransform_ReadAvro-ReadAvro-Read-SDFBoundedSourceReader-ParDo-SDFBoundedSourceDoFn-_13/SplitWithSizing
[2024-07-22T07:33:43.697+0000] {dataflow_runner.py:203} INFO - 2024-07-22T07:33:38.509Z: JOB_MESSAGE_BASIC: Starting 1 workers in asia-southeast2...
[2024-07-22T07:33:43.698+0000] {dataflow_runner.py:203} INFO - 2024-07-22T07:33:38.510Z: JOB_MESSAGE_BASIC: Executing operation WriteToBigQuery/WriteToBigQuery/BigQueryBatchFileLoads/ImpulseSingleElementPC/Impulse+WriteToBigQuery/WriteToBigQuery/BigQueryBatchFileLoads/ImpulseSingleElementPC/FlatMap(<lambda at core.py:3788>)+WriteToBigQuery/WriteToBigQuery/BigQueryBatchFileLoads/ImpulseSingleElementPC/Map(decode)+WriteToBigQuery/WriteToBigQuery/BigQueryBatchFileLoads/CopyJobNamePrefix+WriteToBigQuery/WriteToBigQuery/BigQueryBatchFileLoads/GenerateFilePrefix+WriteToBigQuery/WriteToBigQuery/BigQueryBatchFileLoads/LoadJobNamePrefix+WriteToBigQuery/WriteToBigQuery/BigQueryBatchFileLoads/SchemaModJobNamePrefix
[2024-07-22T07:36:50.102+0000] {dataflow_runner.py:203} INFO - 2024-07-22T07:36:46.115Z: JOB_MESSAGE_BASIC: All workers have finished the startup processes and began to receive work requests.
[2024-07-22T07:36:50.103+0000] {dataflow_runner.py:203} INFO - 2024-07-22T07:36:46.537Z: JOB_MESSAGE_BASIC: Finished operation Start/Impulse+Start/FlatMap(<lambda at core.py:3788>)+Start/Map(decode)
[2024-07-22T07:36:50.104+0000] {dataflow_runner.py:203} INFO - 2024-07-22T07:36:48.698Z: JOB_MESSAGE_BASIC: Finished operation WriteToBigQuery/WriteToBigQuery/BigQueryBatchFileLoads/ImpulseSingleElementPC/Impulse+WriteToBigQuery/WriteToBigQuery/BigQueryBatchFileLoads/ImpulseSingleElementPC/FlatMap(<lambda at core.py:3788>)+WriteToBigQuery/WriteToBigQuery/BigQueryBatchFileLoads/ImpulseSingleElementPC/Map(decode)+WriteToBigQuery/WriteToBigQuery/BigQueryBatchFileLoads/CopyJobNamePrefix+WriteToBigQuery/WriteToBigQuery/BigQueryBatchFileLoads/GenerateFilePrefix+WriteToBigQuery/WriteToBigQuery/BigQueryBatchFileLoads/LoadJobNamePrefix+WriteToBigQuery/WriteToBigQuery/BigQueryBatchFileLoads/SchemaModJobNamePrefix
[2024-07-22T07:36:50.104+0000] {dataflow_runner.py:203} INFO - 2024-07-22T07:36:48.775Z: JOB_MESSAGE_BASIC: Executing operation WriteToBigQuery/WriteToBigQuery/BigQueryBatchFileLoads/ParDo(TriggerCopyJobs)/ParDo(TriggerCopyJobs)/View-python_side_input0
[2024-07-22T07:36:50.105+0000] {dataflow_runner.py:203} INFO - 2024-07-22T07:36:48.787Z: JOB_MESSAGE_BASIC: Executing operation WriteToBigQuery/WriteToBigQuery/BigQueryBatchFileLoads/WriteGroupedRecordsToFile/View-python_side_input0
[2024-07-22T07:36:50.105+0000] {dataflow_runner.py:203} INFO - 2024-07-22T07:36:48.800Z: JOB_MESSAGE_BASIC: Executing operation WriteToBigQuery/WriteToBigQuery/BigQueryBatchFileLoads/ParDo(WriteRecordsToFile)/ParDo(WriteRecordsToFile)/View-python_side_input0
[2024-07-22T07:36:50.106+0000] {dataflow_runner.py:203} INFO - 2024-07-22T07:36:48.801Z: JOB_MESSAGE_BASIC: Finished operation WriteToBigQuery/WriteToBigQuery/BigQueryBatchFileLoads/ImpulseEmptyPC/Impulse+WriteToBigQuery/WriteToBigQuery/BigQueryBatchFileLoads/ImpulseEmptyPC/FlatMap(<lambda at core.py:3788>)+WriteToBigQuery/WriteToBigQuery/BigQueryBatchFileLoads/ImpulseEmptyPC/Map(decode)
[2024-07-22T07:36:50.107+0000] {dataflow_runner.py:203} INFO - 2024-07-22T07:36:48.812Z: JOB_MESSAGE_BASIC: Executing operation WriteToBigQuery/WriteToBigQuery/BigQueryBatchFileLoads/TriggerLoadJobsWithTempTables/ParDo(TriggerLoadJobs)/View-python_side_input0
[2024-07-22T07:36:50.107+0000] {dataflow_runner.py:203} INFO - 2024-07-22T07:36:48.825Z: JOB_MESSAGE_BASIC: Executing operation WriteToBigQuery/WriteToBigQuery/BigQueryBatchFileLoads/TriggerLoadJobsWithoutTempTables/ParDo(TriggerLoadJobs)/View-python_side_input0
[2024-07-22T07:36:50.108+0000] {dataflow_runner.py:203} INFO - 2024-07-22T07:36:48.833Z: JOB_MESSAGE_BASIC: Finished operation WriteToBigQuery/WriteToBigQuery/BigQueryBatchFileLoads/ParDo(TriggerCopyJobs)/ParDo(TriggerCopyJobs)/View-python_side_input0
[2024-07-22T07:36:50.109+0000] {dataflow_runner.py:203} INFO - 2024-07-22T07:36:48.837Z: JOB_MESSAGE_BASIC: Executing operation WriteToBigQuery/WriteToBigQuery/BigQueryBatchFileLoads/ParDo(UpdateDestinationSchema)/View-python_side_input0
[2024-07-22T07:36:50.109+0000] {dataflow_runner.py:203} INFO - 2024-07-22T07:36:48.883Z: JOB_MESSAGE_BASIC: Finished operation WriteToBigQuery/WriteToBigQuery/BigQueryBatchFileLoads/TriggerLoadJobsWithoutTempTables/ParDo(TriggerLoadJobs)/View-python_side_input0
[2024-07-22T07:36:50.110+0000] {dataflow_runner.py:203} INFO - 2024-07-22T07:36:48.883Z: JOB_MESSAGE_BASIC: Finished operation WriteToBigQuery/WriteToBigQuery/BigQueryBatchFileLoads/WriteGroupedRecordsToFile/View-python_side_input0
[2024-07-22T07:36:50.111+0000] {dataflow_runner.py:203} INFO - 2024-07-22T07:36:48.898Z: JOB_MESSAGE_BASIC: Finished operation WriteToBigQuery/WriteToBigQuery/BigQueryBatchFileLoads/ParDo(WriteRecordsToFile)/ParDo(WriteRecordsToFile)/View-python_side_input0
[2024-07-22T07:36:50.111+0000] {dataflow_runner.py:203} INFO - 2024-07-22T07:36:48.917Z: JOB_MESSAGE_BASIC: Finished operation WriteToBigQuery/WriteToBigQuery/BigQueryBatchFileLoads/TriggerLoadJobsWithTempTables/ParDo(TriggerLoadJobs)/View-python_side_input0
[2024-07-22T07:36:50.112+0000] {dataflow_runner.py:203} INFO - 2024-07-22T07:36:48.937Z: JOB_MESSAGE_BASIC: Finished operation WriteToBigQuery/WriteToBigQuery/BigQueryBatchFileLoads/ParDo(UpdateDestinationSchema)/View-python_side_input0
[2024-07-22T07:36:50.114+0000] {dataflow_runner.py:203} INFO - 2024-07-22T07:36:49.871Z: JOB_MESSAGE_BASIC: Finished operation ReadAvro/ReadAvro/Read/Impulse+ReadAvro/ReadAvro/Read/EmitSource+ref_AppliedPTransform_ReadAvro-ReadAvro-Read-SDFBoundedSourceReader-ParDo-SDFBoundedSourceDoFn-_13/PairWithRestriction+ref_AppliedPTransform_ReadAvro-ReadAvro-Read-SDFBoundedSourceReader-ParDo-SDFBoundedSourceDoFn-_13/SplitWithSizing
[2024-07-22T07:36:50.114+0000] {dataflow_runner.py:203} INFO - 2024-07-22T07:36:49.925Z: JOB_MESSAGE_BASIC: Executing operation RemoveDuplicates/GroupByKey/Create
[2024-07-22T07:36:55.433+0000] {dataflow_runner.py:203} INFO - 2024-07-22T07:36:50.612Z: JOB_MESSAGE_BASIC: Finished operation RemoveDuplicates/GroupByKey/Create
[2024-07-22T07:36:55.435+0000] {dataflow_runner.py:203} INFO - 2024-07-22T07:36:50.683Z: JOB_MESSAGE_BASIC: Executing operation ref_AppliedPTransform_ReadAvro-ReadAvro-Read-SDFBoundedSourceReader-ParDo-SDFBoundedSourceDoFn-_13/ProcessElementAndRestrictionWithSizing+ConvertTypeFloatToDecimal+RemoveDuplicates/PairWithKey+RemoveDuplicates/GroupByKey/Write
[2024-07-22T07:36:55.437+0000] {dataflow_runner.py:207} ERROR - 2024-07-22T07:36:52.713Z: JOB_MESSAGE_ERROR: Traceback (most recent call last):
  File "apache_beam/runners/common.py", line 1435, in apache_beam.runners.common.DoFnRunner.process
  File "apache_beam/runners/common.py", line 640, in apache_beam.runners.common.SimpleInvoker.invoke_process
TypeError: process() missing 1 required positional argument: 'convert_features'

During handling of the above exception, another exception occurred:

Traceback (most recent call last):
  File "/usr/local/lib/python3.8/site-packages/apache_beam/runners/worker/sdk_worker.py", line 311, in _execute
    response = task()
  File "/usr/local/lib/python3.8/site-packages/apache_beam/runners/worker/sdk_worker.py", line 386, in <lambda>
    lambda: self.create_worker().do_instruction(request), request)
  File "/usr/local/lib/python3.8/site-packages/apache_beam/runners/worker/sdk_worker.py", line 656, in do_instruction
    return getattr(self, request_type)(
  File "/usr/local/lib/python3.8/site-packages/apache_beam/runners/worker/sdk_worker.py", line 694, in process_bundle
    bundle_processor.process_bundle(instruction_id))
  File "/usr/local/lib/python3.8/site-packages/apache_beam/runners/worker/bundle_processor.py", line 1119, in process_bundle
    input_op_by_transform_id[element.transform_id].process_encoded(
  File "/usr/local/lib/python3.8/site-packages/apache_beam/runners/worker/bundle_processor.py", line 237, in process_encoded
    self.output(decoded_value)
  File "apache_beam/runners/worker/operations.py", line 569, in apache_beam.runners.worker.operations.Operation.output
  File "apache_beam/runners/worker/operations.py", line 571, in apache_beam.runners.worker.operations.Operation.output
  File "apache_beam/runners/worker/operations.py", line 262, in apache_beam.runners.worker.operations.SingletonElementConsumerSet.receive
  File "apache_beam/runners/worker/operations.py", line 265, in apache_beam.runners.worker.operations.SingletonElementConsumerSet.receive
  File "apache_beam/runners/worker/operations.py", line 1066, in apache_beam.runners.worker.operations.SdfProcessSizedElements.process
  File "apache_beam/runners/worker/operations.py", line 1075, in apache_beam.runners.worker.operations.SdfProcessSizedElements.process
  File "apache_beam/runners/common.py", line 1467, in apache_beam.runners.common.DoFnRunner.process_with_sized_restriction
  File "apache_beam/runners/common.py", line 841, in apache_beam.runners.common.PerWindowInvoker.invoke_process
  File "apache_beam/runners/common.py", line 997, in apache_beam.runners.common.PerWindowInvoker._invoke_process_per_window
  File "apache_beam/runners/common.py", line 1621, in apache_beam.runners.common._OutputHandler.handle_process_outputs
  File "apache_beam/runners/common.py", line 1734, in apache_beam.runners.common._OutputHandler._write_value_to_tag
  File "apache_beam/runners/worker/operations.py", line 265, in apache_beam.runners.worker.operations.SingletonElementConsumerSet.receive
  File "apache_beam/runners/worker/operations.py", line 952, in apache_beam.runners.worker.operations.DoOperation.process
  File "apache_beam/runners/worker/operations.py", line 953, in apache_beam.runners.worker.operations.DoOperation.process
  File "apache_beam/runners/common.py", line 1437, in apache_beam.runners.common.DoFnRunner.process
  File "apache_beam/runners/common.py", line 1547, in apache_beam.runners.common.DoFnRunner._reraise_augmented
  File "apache_beam/runners/common.py", line 1435, in apache_beam.runners.common.DoFnRunner.process
  File "apache_beam/runners/common.py", line 640, in apache_beam.runners.common.SimpleInvoker.invoke_process
TypeError: process() missing 1 required positional argument: 'convert_features' [while running 'ConvertTypeFloatToDecimal-ptransform-43']

[2024-07-22T07:36:55.438+0000] {dataflow_runner.py:207} ERROR - 2024-07-22T07:36:53.958Z: JOB_MESSAGE_ERROR: Traceback (most recent call last):
  File "apache_beam/runners/common.py", line 1435, in apache_beam.runners.common.DoFnRunner.process
  File "apache_beam/runners/common.py", line 640, in apache_beam.runners.common.SimpleInvoker.invoke_process
TypeError: process() missing 1 required positional argument: 'convert_features'

During handling of the above exception, another exception occurred:

Traceback (most recent call last):
  File "/usr/local/lib/python3.8/site-packages/apache_beam/runners/worker/sdk_worker.py", line 311, in _execute
    response = task()
  File "/usr/local/lib/python3.8/site-packages/apache_beam/runners/worker/sdk_worker.py", line 386, in <lambda>
    lambda: self.create_worker().do_instruction(request), request)
  File "/usr/local/lib/python3.8/site-packages/apache_beam/runners/worker/sdk_worker.py", line 656, in do_instruction
    return getattr(self, request_type)(
  File "/usr/local/lib/python3.8/site-packages/apache_beam/runners/worker/sdk_worker.py", line 694, in process_bundle
    bundle_processor.process_bundle(instruction_id))
  File "/usr/local/lib/python3.8/site-packages/apache_beam/runners/worker/bundle_processor.py", line 1119, in process_bundle
    input_op_by_transform_id[element.transform_id].process_encoded(
  File "/usr/local/lib/python3.8/site-packages/apache_beam/runners/worker/bundle_processor.py", line 237, in process_encoded
    self.output(decoded_value)
  File "apache_beam/runners/worker/operations.py", line 569, in apache_beam.runners.worker.operations.Operation.output
  File "apache_beam/runners/worker/operations.py", line 571, in apache_beam.runners.worker.operations.Operation.output
  File "apache_beam/runners/worker/operations.py", line 262, in apache_beam.runners.worker.operations.SingletonElementConsumerSet.receive
  File "apache_beam/runners/worker/operations.py", line 265, in apache_beam.runners.worker.operations.SingletonElementConsumerSet.receive
  File "apache_beam/runners/worker/operations.py", line 1066, in apache_beam.runners.worker.operations.SdfProcessSizedElements.process
  File "apache_beam/runners/worker/operations.py", line 1075, in apache_beam.runners.worker.operations.SdfProcessSizedElements.process
  File "apache_beam/runners/common.py", line 1467, in apache_beam.runners.common.DoFnRunner.process_with_sized_restriction
  File "apache_beam/runners/common.py", line 841, in apache_beam.runners.common.PerWindowInvoker.invoke_process
  File "apache_beam/runners/common.py", line 997, in apache_beam.runners.common.PerWindowInvoker._invoke_process_per_window
  File "apache_beam/runners/common.py", line 1621, in apache_beam.runners.common._OutputHandler.handle_process_outputs
  File "apache_beam/runners/common.py", line 1734, in apache_beam.runners.common._OutputHandler._write_value_to_tag
  File "apache_beam/runners/worker/operations.py", line 265, in apache_beam.runners.worker.operations.SingletonElementConsumerSet.receive
  File "apache_beam/runners/worker/operations.py", line 952, in apache_beam.runners.worker.operations.DoOperation.process
  File "apache_beam/runners/worker/operations.py", line 953, in apache_beam.runners.worker.operations.DoOperation.process
  File "apache_beam/runners/common.py", line 1437, in apache_beam.runners.common.DoFnRunner.process
  File "apache_beam/runners/common.py", line 1547, in apache_beam.runners.common.DoFnRunner._reraise_augmented
  File "apache_beam/runners/common.py", line 1435, in apache_beam.runners.common.DoFnRunner.process
  File "apache_beam/runners/common.py", line 640, in apache_beam.runners.common.SimpleInvoker.invoke_process
TypeError: process() missing 1 required positional argument: 'convert_features' [while running 'ConvertTypeFloatToDecimal-ptransform-43']

[2024-07-22T07:36:55.439+0000] {dataflow_runner.py:207} ERROR - 2024-07-22T07:36:54.805Z: JOB_MESSAGE_ERROR: Traceback (most recent call last):
  File "apache_beam/runners/common.py", line 1435, in apache_beam.runners.common.DoFnRunner.process
  File "apache_beam/runners/common.py", line 640, in apache_beam.runners.common.SimpleInvoker.invoke_process
TypeError: process() missing 1 required positional argument: 'convert_features'

During handling of the above exception, another exception occurred:

Traceback (most recent call last):
  File "/usr/local/lib/python3.8/site-packages/apache_beam/runners/worker/sdk_worker.py", line 311, in _execute
    response = task()
  File "/usr/local/lib/python3.8/site-packages/apache_beam/runners/worker/sdk_worker.py", line 386, in <lambda>
    lambda: self.create_worker().do_instruction(request), request)
  File "/usr/local/lib/python3.8/site-packages/apache_beam/runners/worker/sdk_worker.py", line 656, in do_instruction
    return getattr(self, request_type)(
  File "/usr/local/lib/python3.8/site-packages/apache_beam/runners/worker/sdk_worker.py", line 694, in process_bundle
    bundle_processor.process_bundle(instruction_id))
  File "/usr/local/lib/python3.8/site-packages/apache_beam/runners/worker/bundle_processor.py", line 1119, in process_bundle
    input_op_by_transform_id[element.transform_id].process_encoded(
  File "/usr/local/lib/python3.8/site-packages/apache_beam/runners/worker/bundle_processor.py", line 237, in process_encoded
    self.output(decoded_value)
  File "apache_beam/runners/worker/operations.py", line 569, in apache_beam.runners.worker.operations.Operation.output
  File "apache_beam/runners/worker/operations.py", line 571, in apache_beam.runners.worker.operations.Operation.output
  File "apache_beam/runners/worker/operations.py", line 262, in apache_beam.runners.worker.operations.SingletonElementConsumerSet.receive
  File "apache_beam/runners/worker/operations.py", line 265, in apache_beam.runners.worker.operations.SingletonElementConsumerSet.receive
  File "apache_beam/runners/worker/operations.py", line 1066, in apache_beam.runners.worker.operations.SdfProcessSizedElements.process
  File "apache_beam/runners/worker/operations.py", line 1075, in apache_beam.runners.worker.operations.SdfProcessSizedElements.process
  File "apache_beam/runners/common.py", line 1467, in apache_beam.runners.common.DoFnRunner.process_with_sized_restriction
  File "apache_beam/runners/common.py", line 841, in apache_beam.runners.common.PerWindowInvoker.invoke_process
  File "apache_beam/runners/common.py", line 997, in apache_beam.runners.common.PerWindowInvoker._invoke_process_per_window
  File "apache_beam/runners/common.py", line 1621, in apache_beam.runners.common._OutputHandler.handle_process_outputs
  File "apache_beam/runners/common.py", line 1734, in apache_beam.runners.common._OutputHandler._write_value_to_tag
  File "apache_beam/runners/worker/operations.py", line 265, in apache_beam.runners.worker.operations.SingletonElementConsumerSet.receive
  File "apache_beam/runners/worker/operations.py", line 952, in apache_beam.runners.worker.operations.DoOperation.process
  File "apache_beam/runners/worker/operations.py", line 953, in apache_beam.runners.worker.operations.DoOperation.process
  File "apache_beam/runners/common.py", line 1437, in apache_beam.runners.common.DoFnRunner.process
  File "apache_beam/runners/common.py", line 1547, in apache_beam.runners.common.DoFnRunner._reraise_augmented
  File "apache_beam/runners/common.py", line 1435, in apache_beam.runners.common.DoFnRunner.process
  File "apache_beam/runners/common.py", line 640, in apache_beam.runners.common.SimpleInvoker.invoke_process
TypeError: process() missing 1 required positional argument: 'convert_features' [while running 'ConvertTypeFloatToDecimal-ptransform-43']

[2024-07-22T07:37:00.745+0000] {dataflow_runner.py:207} ERROR - 2024-07-22T07:36:55.642Z: JOB_MESSAGE_ERROR: Traceback (most recent call last):
  File "apache_beam/runners/common.py", line 1435, in apache_beam.runners.common.DoFnRunner.process
  File "apache_beam/runners/common.py", line 640, in apache_beam.runners.common.SimpleInvoker.invoke_process
TypeError: process() missing 1 required positional argument: 'convert_features'

During handling of the above exception, another exception occurred:

Traceback (most recent call last):
  File "/usr/local/lib/python3.8/site-packages/apache_beam/runners/worker/sdk_worker.py", line 311, in _execute
    response = task()
  File "/usr/local/lib/python3.8/site-packages/apache_beam/runners/worker/sdk_worker.py", line 386, in <lambda>
    lambda: self.create_worker().do_instruction(request), request)
  File "/usr/local/lib/python3.8/site-packages/apache_beam/runners/worker/sdk_worker.py", line 656, in do_instruction
    return getattr(self, request_type)(
  File "/usr/local/lib/python3.8/site-packages/apache_beam/runners/worker/sdk_worker.py", line 694, in process_bundle
    bundle_processor.process_bundle(instruction_id))
  File "/usr/local/lib/python3.8/site-packages/apache_beam/runners/worker/bundle_processor.py", line 1119, in process_bundle
    input_op_by_transform_id[element.transform_id].process_encoded(
  File "/usr/local/lib/python3.8/site-packages/apache_beam/runners/worker/bundle_processor.py", line 237, in process_encoded
    self.output(decoded_value)
  File "apache_beam/runners/worker/operations.py", line 569, in apache_beam.runners.worker.operations.Operation.output
  File "apache_beam/runners/worker/operations.py", line 571, in apache_beam.runners.worker.operations.Operation.output
  File "apache_beam/runners/worker/operations.py", line 262, in apache_beam.runners.worker.operations.SingletonElementConsumerSet.receive
  File "apache_beam/runners/worker/operations.py", line 265, in apache_beam.runners.worker.operations.SingletonElementConsumerSet.receive
  File "apache_beam/runners/worker/operations.py", line 1066, in apache_beam.runners.worker.operations.SdfProcessSizedElements.process
  File "apache_beam/runners/worker/operations.py", line 1075, in apache_beam.runners.worker.operations.SdfProcessSizedElements.process
  File "apache_beam/runners/common.py", line 1467, in apache_beam.runners.common.DoFnRunner.process_with_sized_restriction
  File "apache_beam/runners/common.py", line 841, in apache_beam.runners.common.PerWindowInvoker.invoke_process
  File "apache_beam/runners/common.py", line 997, in apache_beam.runners.common.PerWindowInvoker._invoke_process_per_window
  File "apache_beam/runners/common.py", line 1621, in apache_beam.runners.common._OutputHandler.handle_process_outputs
  File "apache_beam/runners/common.py", line 1734, in apache_beam.runners.common._OutputHandler._write_value_to_tag
  File "apache_beam/runners/worker/operations.py", line 265, in apache_beam.runners.worker.operations.SingletonElementConsumerSet.receive
  File "apache_beam/runners/worker/operations.py", line 952, in apache_beam.runners.worker.operations.DoOperation.process
  File "apache_beam/runners/worker/operations.py", line 953, in apache_beam.runners.worker.operations.DoOperation.process
  File "apache_beam/runners/common.py", line 1437, in apache_beam.runners.common.DoFnRunner.process
  File "apache_beam/runners/common.py", line 1547, in apache_beam.runners.common.DoFnRunner._reraise_augmented
  File "apache_beam/runners/common.py", line 1435, in apache_beam.runners.common.DoFnRunner.process
  File "apache_beam/runners/common.py", line 640, in apache_beam.runners.common.SimpleInvoker.invoke_process
TypeError: process() missing 1 required positional argument: 'convert_features' [while running 'ConvertTypeFloatToDecimal-ptransform-43']

[2024-07-22T07:37:00.747+0000] {dataflow_runner.py:203} INFO - 2024-07-22T07:36:55.706Z: JOB_MESSAGE_BASIC: Finished operation ref_AppliedPTransform_ReadAvro-ReadAvro-Read-SDFBoundedSourceReader-ParDo-SDFBoundedSourceDoFn-_13/ProcessElementAndRestrictionWithSizing+ConvertTypeFloatToDecimal+RemoveDuplicates/PairWithKey+RemoveDuplicates/GroupByKey/Write
[2024-07-22T07:37:00.749+0000] {dataflow_runner.py:207} ERROR - 2024-07-22T07:36:55.774Z: JOB_MESSAGE_ERROR: Workflow failed. Causes: S10:ref_AppliedPTransform_ReadAvro-ReadAvro-Read-SDFBoundedSourceReader-ParDo-SDFBoundedSourceDoFn-_13/ProcessElementAndRestrictionWithSizing+ConvertTypeFloatToDecimal+RemoveDuplicates/PairWithKey+RemoveDuplicates/GroupByKey/Write failed., The job failed because a work item has failed 4 times. Look in previous log entries for the cause of each one of the 4 failures. If the logs only contain generic timeout errors related to accessing external resources, such as MongoDB, verify that the worker service account has permission to access the resource's subnetwork. For more information, see https://cloud.google.com/dataflow/docs/guides/common-errors. The work item was attempted on these workers: 

      Root cause: Traceback (most recent call last):
  File "apache_beam/runners/common.py", line 1435, in apache_beam.runners.common.DoFnRunner.process
  File "apache_beam/runners/common.py", line 640, in apache_beam.runners.common.SimpleInvoker.invoke_process
TypeError: process() missing 1 required positional argument: 'convert_features'

During handling of the above exception, another exception occurred:

Traceback (most recent call last):
  File "/usr/local/lib/python3.8/site-packages/apache_beam/runners/worker/sdk_worker.py", line 311, in _execute
    response = task()
  File "/usr/local/lib/python3.8/site-packages/apache_beam/runners/worker/sdk_worker.py", line 386, in <lambda>
    lambda: self.create_worker().do_instruction(request), request)
  File "/usr/local/lib/python3.8/site-packages/apache_beam/runners/worker/sdk_worker.py", line 656, in do_instruction
    return getattr(self, request_type)(
  File "/usr/local/lib/python3.8/site-packages/apache_beam/runners/worker/sdk_worker.py", line 694, in process_bundle
    bundle_processor.process_bundle(instruction_id))
  File "/usr/local/lib/python3.8/site-packages/apache_beam/runners/worker/bundle_processor.py", line 1119, in process_bundle
    input_op_by_transform_id[element.transform_id].process_encoded(
  File "/usr/local/lib/python3.8/site-packages/apache_beam/runners/worker/bundle_processor.py", line 237, in process_encoded
    self.output(decoded_value)
  File "apache_beam/runners/worker/operations.py", line 569, in apache_beam.runners.worker.operations.Operation.output
  File "apache_beam/runners/worker/operations.py", line 571, in apache_beam.runners.worker.operations.Operation.output
  File "apache_beam/runners/worker/operations.py", line 262, in apache_beam.runners.worker.operations.SingletonElementConsumerSet.receive
  File "apache_beam/runners/worker/operations.py", line 265, in apache_beam.runners.worker.operations.SingletonElementConsumerSet.receive
  File "apache_beam/runners/worker/operations.py", line 1066, in apache_beam.runners.worker.operations.SdfProcessSizedElements.process
  File "apache_beam/runners/worker/operations.py", line 1075, in apache_beam.runners.worker.operations.SdfProcessSizedElements.process
  File "apache_beam/runners/common.py", line 1467, in apache_beam.runners.common.DoFnRunner.process_with_sized_restriction
  File "apache_beam/runners/common.py", line 841, in apache_beam.runners.common.PerWindowInvoker.invoke_process
  File "apache_beam/runners/common.py", line 997, in apache_beam.runners.common.PerWindowInvoker._invoke_process_per_window
  File "apache_beam/runners/common.py", line 1621, in apache_beam.runners.common._OutputHandler.handle_process_outputs
  File "apache_beam/runners/common.py", line 1734, in apache_beam.runners.common._OutputHandler._write_value_to_tag
  File "apache_beam/runners/worker/operations.py", line 265, in apache_beam.runners.worker.operations.SingletonElementConsumerSet.receive
  File "apache_beam/runners/worker/operations.py", line 952, in apache_beam.runners.worker.operations.DoOperation.process
  File "apache_beam/runners/worker/operations.py", line 953, in apache_beam.runners.worker.operations.DoOperation.process
  File "apache_beam/runners/common.py", line 1437, in apache_beam.runners.common.DoFnRunner.process
  File "apache_beam/runners/common.py", line 1547, in apache_beam.runners.common.DoFnRunner._reraise_augmented
  File "apache_beam/runners/common.py", line 1435, in apache_beam.runners.common.DoFnRunner.process
  File "apache_beam/runners/common.py", line 640, in apache_beam.runners.common.SimpleInvoker.invoke_process
TypeError: process() missing 1 required positional argument: 'convert_features' [while running 'ConvertTypeFloatToDecimal-ptransform-43']

      Worker ID: fact-order-bigquery-etl-07220033-uu1c-harness-hv6r,

      Root cause: Traceback (most recent call last):
  File "apache_beam/runners/common.py", line 1435, in apache_beam.runners.common.DoFnRunner.process
  File "apache_beam/runners/common.py", line 640, in apache_beam.runners.common.SimpleInvoker.invoke_process
TypeError: process() missing 1 required positional argument: 'convert_features'

During handling of the above exception, another exception occurred:

Traceback (most recent call last):
  File "/usr/local/lib/python3.8/site-packages/apache_beam/runners/worker/sdk_worker.py", line 311, in _execute
    response = task()
  File "/usr/local/lib/python3.8/site-packages/apache_beam/runners/worker/sdk_worker.py", line 386, in <lambda>
    lambda: self.create_worker().do_instruction(request), request)
  File "/usr/local/lib/python3.8/site-packages/apache_beam/runners/worker/sdk_worker.py", line 656, in do_instruction
    return getattr(self, request_type)(
  File "/usr/local/lib/python3.8/site-packages/apache_beam/runners/worker/sdk_worker.py", line 694, in process_bundle
    bundle_processor.process_bundle(instruction_id))
  File "/usr/local/lib/python3.8/site-packages/apache_beam/runners/worker/bundle_processor.py", line 1119, in process_bundle
    input_op_by_transform_id[element.transform_id].process_encoded(
  File "/usr/local/lib/python3.8/site-packages/apache_beam/runners/worker/bundle_processor.py", line 237, in process_encoded
    self.output(decoded_value)
  File "apache_beam/runners/worker/operations.py", line 569, in apache_beam.runners.worker.operations.Operation.output
  File "apache_beam/runners/worker/operations.py", line 571, in apache_beam.runners.worker.operations.Operation.output
  File "apache_beam/runners/worker/operations.py", line 262, in apache_beam.runners.worker.operations.SingletonElementConsumerSet.receive
  File "apache_beam/runners/worker/operations.py", line 265, in apache_beam.runners.worker.operations.SingletonElementConsumerSet.receive
  File "apache_beam/runners/worker/operations.py", line 1066, in apache_beam.runners.worker.operations.SdfProcessSizedElements.process
  File "apache_beam/runners/worker/operations.py", line 1075, in apache_beam.runners.worker.operations.SdfProcessSizedElements.process
  File "apache_beam/runners/common.py", line 1467, in apache_beam.runners.common.DoFnRunner.process_with_sized_restriction
  File "apache_beam/runners/common.py", line 841, in apache_beam.runners.common.PerWindowInvoker.invoke_process
  File "apache_beam/runners/common.py", line 997, in apache_beam.runners.common.PerWindowInvoker._invoke_process_per_window
  File "apache_beam/runners/common.py", line 1621, in apache_beam.runners.common._OutputHandler.handle_process_outputs
  File "apache_beam/runners/common.py", line 1734, in apache_beam.runners.common._OutputHandler._write_value_to_tag
  File "apache_beam/runners/worker/operations.py", line 265, in apache_beam.runners.worker.operations.SingletonElementConsumerSet.receive
  File "apache_beam/runners/worker/operations.py", line 952, in apache_beam.runners.worker.operations.DoOperation.process
  File "apache_beam/runners/worker/operations.py", line 953, in apache_beam.runners.worker.operations.DoOperation.process
  File "apache_beam/runners/common.py", line 1437, in apache_beam.runners.common.DoFnRunner.process
  File "apache_beam/runners/common.py", line 1547, in apache_beam.runners.common.DoFnRunner._reraise_augmented
  File "apache_beam/runners/common.py", line 1435, in apache_beam.runners.common.DoFnRunner.process
  File "apache_beam/runners/common.py", line 640, in apache_beam.runners.common.SimpleInvoker.invoke_process
TypeError: process() missing 1 required positional argument: 'convert_features' [while running 'ConvertTypeFloatToDecimal-ptransform-43']

      Worker ID: fact-order-bigquery-etl-07220033-uu1c-harness-hv6r,

      Root cause: Traceback (most recent call last):
  File "apache_beam/runners/common.py", line 1435, in apache_beam.runners.common.DoFnRunner.process
  File "apache_beam/runners/common.py", line 640, in apache_beam.runners.common.SimpleInvoker.invoke_process
TypeError: process() missing 1 required positional argument: 'convert_features'

During handling of the above exception, another exception occurred:

Traceback (most recent call last):
  File "/usr/local/lib/python3.8/site-packages/apache_beam/runners/worker/sdk_worker.py", line 311, in _execute
    response = task()
  File "/usr/local/lib/python3.8/site-packages/apache_beam/runners/worker/sdk_worker.py", line 386, in <lambda>
    lambda: self.create_worker().do_instruction(request), request)
  File "/usr/local/lib/python3.8/site-packages/apache_beam/runners/worker/sdk_worker.py", line 656, in do_instruction
    return getattr(self, request_type)(
  File "/usr/local/lib/python3.8/site-packages/apache_beam/runners/worker/sdk_worker.py", line 694, in process_bundle
    bundle_processor.process_bundle(instruction_id))
  File "/usr/local/lib/python3.8/site-packages/apache_beam/runners/worker/bundle_processor.py", line 1119, in process_bundle
    input_op_by_transform_id[element.transform_id].process_encoded(
  File "/usr/local/lib/python3.8/site-packages/apache_beam/runners/worker/bundle_processor.py", line 237, in process_encoded
    self.output(decoded_value)
  File "apache_beam/runners/worker/operations.py", line 569, in apache_beam.runners.worker.operations.Operation.output
  File "apache_beam/runners/worker/operations.py", line 571, in apache_beam.runners.worker.operations.Operation.output
  File "apache_beam/runners/worker/operations.py", line 262, in apache_beam.runners.worker.operations.SingletonElementConsumerSet.receive
  File "apache_beam/runners/worker/operations.py", line 265, in apache_beam.runners.worker.operations.SingletonElementConsumerSet.receive
  File "apache_beam/runners/worker/operations.py", line 1066, in apache_beam.runners.worker.operations.SdfProcessSizedElements.process
  File "apache_beam/runners/worker/operations.py", line 1075, in apache_beam.runners.worker.operations.SdfProcessSizedElements.process
  File "apache_beam/runners/common.py", line 1467, in apache_beam.runners.common.DoFnRunner.process_with_sized_restriction
  File "apache_beam/runners/common.py", line 841, in apache_beam.runners.common.PerWindowInvoker.invoke_process
  File "apache_beam/runners/common.py", line 997, in apache_beam.runners.common.PerWindowInvoker._invoke_process_per_window
  File "apache_beam/runners/common.py", line 1621, in apache_beam.runners.common._OutputHandler.handle_process_outputs
  File "apache_beam/runners/common.py", line 1734, in apache_beam.runners.common._OutputHandler._write_value_to_tag
  File "apache_beam/runners/worker/operations.py", line 265, in apache_beam.runners.worker.operations.SingletonElementConsumerSet.receive
  File "apache_beam/runners/worker/operations.py", line 952, in apache_beam.runners.worker.operations.DoOperation.process
  File "apache_beam/runners/worker/operations.py", line 953, in apache_beam.runners.worker.operations.DoOperation.process
  File "apache_beam/runners/common.py", line 1437, in apache_beam.runners.common.DoFnRunner.process
  File "apache_beam/runners/common.py", line 1547, in apache_beam.runners.common.DoFnRunner._reraise_augmented
  File "apache_beam/runners/common.py", line 1435, in apache_beam.runners.common.DoFnRunner.process
  File "apache_beam/runners/common.py", line 640, in apache_beam.runners.common.SimpleInvoker.invoke_process
TypeError: process() missing 1 required positional argument: 'convert_features' [while running 'ConvertTypeFloatToDecimal-ptransform-43']

      Worker ID: fact-order-bigquery-etl-07220033-uu1c-harness-hv6r,

      Root cause: Traceback (most recent call last):
  File "apache_beam/runners/common.py", line 1435, in apache_beam.runners.common.DoFnRunner.process
  File "apache_beam/runners/common.py", line 640, in apache_beam.runners.common.SimpleInvoker.invoke_process
TypeError: process() missing 1 required positional argument: 'convert_features'

During handling of the above exception, another exception occurred:

Traceback (most recent call last):
  File "/usr/local/lib/python3.8/site-packages/apache_beam/runners/worker/sdk_worker.py", line 311, in _execute
    response = task()
  File "/usr/local/lib/python3.8/site-packages/apache_beam/runners/worker/sdk_worker.py", line 386, in <lambda>
    lambda: self.create_worker().do_instruction(request), request)
  File "/usr/local/lib/python3.8/site-packages/apache_beam/runners/worker/sdk_worker.py", line 656, in do_instruction
    return getattr(self, request_type)(
  File "/usr/local/lib/python3.8/site-packages/apache_beam/runners/worker/sdk_worker.py", line 694, in process_bundle
    bundle_processor.process_bundle(instruction_id))
  File "/usr/local/lib/python3.8/site-packages/apache_beam/runners/worker/bundle_processor.py", line 1119, in process_bundle
    input_op_by_transform_id[element.transform_id].process_encoded(
  File "/usr/local/lib/python3.8/site-packages/apache_beam/runners/worker/bundle_processor.py", line 237, in process_encoded
    self.output(decoded_value)
  File "apache_beam/runners/worker/operations.py", line 569, in apache_beam.runners.worker.operations.Operation.output
  File "apache_beam/runners/worker/operations.py", line 571, in apache_beam.runners.worker.operations.Operation.output
  File "apache_beam/runners/worker/operations.py", line 262, in apache_beam.runners.worker.operations.SingletonElementConsumerSet.receive
  File "apache_beam/runners/worker/operations.py", line 265, in apache_beam.runners.worker.operations.SingletonElementConsumerSet.receive
  File "apache_beam/runners/worker/operations.py", line 1066, in apache_beam.runners.worker.operations.SdfProcessSizedElements.process
  File "apache_beam/runners/worker/operations.py", line 1075, in apache_beam.runners.worker.operations.SdfProcessSizedElements.process
  File "apache_beam/runners/common.py", line 1467, in apache_beam.runners.common.DoFnRunner.process_with_sized_restriction
  File "apache_beam/runners/common.py", line 841, in apache_beam.runners.common.PerWindowInvoker.invoke_process
  File "apache_beam/runners/common.py", line 997, in apache_beam.runners.common.PerWindowInvoker._invoke_process_per_window
  File "apache_beam/runners/common.py", line 1621, in apache_beam.runners.common._OutputHandler.handle_process_outputs
  File "apache_beam/runners/common.py", line 1734, in apache_beam.runners.common._OutputHandler._write_value_to_tag
  File "apache_beam/runners/worker/operations.py", line 265, in apache_beam.runners.worker.operations.SingletonElementConsumerSet.receive
  File "apache_beam/runners/worker/operations.py", line 952, in apache_beam.runners.worker.operations.DoOperation.process
  File "apache_beam/runners/worker/operations.py", line 953, in apache_beam.runners.worker.operations.DoOperation.process
  File "apache_beam/runners/common.py", line 1437, in apache_beam.runners.common.DoFnRunner.process
  File "apache_beam/runners/common.py", line 1547, in apache_beam.runners.common.DoFnRunner._reraise_augmented
  File "apache_beam/runners/common.py", line 1435, in apache_beam.runners.common.DoFnRunner.process
  File "apache_beam/runners/common.py", line 640, in apache_beam.runners.common.SimpleInvoker.invoke_process
TypeError: process() missing 1 required positional argument: 'convert_features' [while running 'ConvertTypeFloatToDecimal-ptransform-43']

      Worker ID: fact-order-bigquery-etl-07220033-uu1c-harness-hv6r
[2024-07-22T07:37:00.751+0000] {dataflow_runner.py:203} INFO - 2024-07-22T07:36:56.312Z: JOB_MESSAGE_BASIC: Stopping worker pool...
[2024-07-22T07:37:43.197+0000] {dataflow_runner.py:203} INFO - 2024-07-22T07:37:41.426Z: JOB_MESSAGE_BASIC: Worker pool stopped.
[2024-07-22T07:38:20.488+0000] {dataflow_runner.py:153} INFO - Job 2024-07-22_00_33_32-1877736479882082869 is in state JOB_STATE_FAILED
[2024-07-22T07:38:23.038+0000] {dataflow_runner.py:806} ERROR - Console URL: https://console.cloud.google.com/dataflow/jobs/<RegionId>/2024-07-22_00_33_32-1877736479882082869?project=<ProjectId>
[2024-07-22T07:38:23.043+0000] {taskinstance.py:2698} ERROR - Task failed with exception
Traceback (most recent call last):
  File "/home/airflow/.local/lib/python3.8/site-packages/airflow/models/taskinstance.py", line 433, in _execute_task
    result = execute_callable(context=context, **execute_callable_kwargs)
  File "/home/airflow/.local/lib/python3.8/site-packages/airflow/decorators/base.py", line 241, in execute
    return_value = super().execute(context)
  File "/home/airflow/.local/lib/python3.8/site-packages/airflow/operators/python.py", line 199, in execute
    return_value = self.execute_callable()
  File "/home/airflow/.local/lib/python3.8/site-packages/airflow/operators/python.py", line 216, in execute_callable
    return self.python_callable(*self.op_args, **self.op_kwargs)
  File "/opt/airflow/dags/fact_order.py", line 72, in transform_and_load_task
    (
  File "/home/airflow/.local/lib/python3.8/site-packages/apache_beam/pipeline.py", line 614, in __exit__
    self.result.wait_until_finish()
  File "/home/airflow/.local/lib/python3.8/site-packages/apache_beam/runners/dataflow/dataflow_runner.py", line 807, in wait_until_finish
    raise DataflowRuntimeException(
apache_beam.runners.dataflow.dataflow_runner.DataflowRuntimeException: Dataflow pipeline failed. State: FAILED, Error:
Traceback (most recent call last):
  File "apache_beam/runners/common.py", line 1435, in apache_beam.runners.common.DoFnRunner.process
  File "apache_beam/runners/common.py", line 640, in apache_beam.runners.common.SimpleInvoker.invoke_process
TypeError: process() missing 1 required positional argument: 'convert_features'

During handling of the above exception, another exception occurred:

Traceback (most recent call last):
  File "/usr/local/lib/python3.8/site-packages/apache_beam/runners/worker/sdk_worker.py", line 311, in _execute
    response = task()
  File "/usr/local/lib/python3.8/site-packages/apache_beam/runners/worker/sdk_worker.py", line 386, in <lambda>
    lambda: self.create_worker().do_instruction(request), request)
  File "/usr/local/lib/python3.8/site-packages/apache_beam/runners/worker/sdk_worker.py", line 656, in do_instruction
    return getattr(self, request_type)(
  File "/usr/local/lib/python3.8/site-packages/apache_beam/runners/worker/sdk_worker.py", line 694, in process_bundle
    bundle_processor.process_bundle(instruction_id))
  File "/usr/local/lib/python3.8/site-packages/apache_beam/runners/worker/bundle_processor.py", line 1119, in process_bundle
    input_op_by_transform_id[element.transform_id].process_encoded(
  File "/usr/local/lib/python3.8/site-packages/apache_beam/runners/worker/bundle_processor.py", line 237, in process_encoded
    self.output(decoded_value)
  File "apache_beam/runners/worker/operations.py", line 569, in apache_beam.runners.worker.operations.Operation.output
  File "apache_beam/runners/worker/operations.py", line 571, in apache_beam.runners.worker.operations.Operation.output
  File "apache_beam/runners/worker/operations.py", line 262, in apache_beam.runners.worker.operations.SingletonElementConsumerSet.receive
  File "apache_beam/runners/worker/operations.py", line 265, in apache_beam.runners.worker.operations.SingletonElementConsumerSet.receive
  File "apache_beam/runners/worker/operations.py", line 1066, in apache_beam.runners.worker.operations.SdfProcessSizedElements.process
  File "apache_beam/runners/worker/operations.py", line 1075, in apache_beam.runners.worker.operations.SdfProcessSizedElements.process
  File "apache_beam/runners/common.py", line 1467, in apache_beam.runners.common.DoFnRunner.process_with_sized_restriction
  File "apache_beam/runners/common.py", line 841, in apache_beam.runners.common.PerWindowInvoker.invoke_process
  File "apache_beam/runners/common.py", line 997, in apache_beam.runners.common.PerWindowInvoker._invoke_process_per_window
  File "apache_beam/runners/common.py", line 1621, in apache_beam.runners.common._OutputHandler.handle_process_outputs
  File "apache_beam/runners/common.py", line 1734, in apache_beam.runners.common._OutputHandler._write_value_to_tag
  File "apache_beam/runners/worker/operations.py", line 265, in apache_beam.runners.worker.operations.SingletonElementConsumerSet.receive
  File "apache_beam/runners/worker/operations.py", line 952, in apache_beam.runners.worker.operations.DoOperation.process
  File "apache_beam/runners/worker/operations.py", line 953, in apache_beam.runners.worker.operations.DoOperation.process
  File "apache_beam/runners/common.py", line 1437, in apache_beam.runners.common.DoFnRunner.process
  File "apache_beam/runners/common.py", line 1547, in apache_beam.runners.common.DoFnRunner._reraise_augmented
  File "apache_beam/runners/common.py", line 1435, in apache_beam.runners.common.DoFnRunner.process
  File "apache_beam/runners/common.py", line 640, in apache_beam.runners.common.SimpleInvoker.invoke_process
TypeError: process() missing 1 required positional argument: 'convert_features' [while running 'ConvertTypeFloatToDecimal-ptransform-43']

[2024-07-22T07:38:23.104+0000] {taskinstance.py:1138} INFO - Marking task as FAILED. dag_id=fact_order, task_id=transform_and_load_task, execution_date=20240722T073308, start_date=20240722T073317, end_date=20240722T073823
[2024-07-22T07:38:23.173+0000] {standard_task_runner.py:107} ERROR - Failed to execute job 212 for task transform_and_load_task (Dataflow pipeline failed. State: FAILED, Error:
Traceback (most recent call last):
  File "apache_beam/runners/common.py", line 1435, in apache_beam.runners.common.DoFnRunner.process
  File "apache_beam/runners/common.py", line 640, in apache_beam.runners.common.SimpleInvoker.invoke_process
TypeError: process() missing 1 required positional argument: 'convert_features'

During handling of the above exception, another exception occurred:

Traceback (most recent call last):
  File "/usr/local/lib/python3.8/site-packages/apache_beam/runners/worker/sdk_worker.py", line 311, in _execute
    response = task()
  File "/usr/local/lib/python3.8/site-packages/apache_beam/runners/worker/sdk_worker.py", line 386, in <lambda>
    lambda: self.create_worker().do_instruction(request), request)
  File "/usr/local/lib/python3.8/site-packages/apache_beam/runners/worker/sdk_worker.py", line 656, in do_instruction
    return getattr(self, request_type)(
  File "/usr/local/lib/python3.8/site-packages/apache_beam/runners/worker/sdk_worker.py", line 694, in process_bundle
    bundle_processor.process_bundle(instruction_id))
  File "/usr/local/lib/python3.8/site-packages/apache_beam/runners/worker/bundle_processor.py", line 1119, in process_bundle
    input_op_by_transform_id[element.transform_id].process_encoded(
  File "/usr/local/lib/python3.8/site-packages/apache_beam/runners/worker/bundle_processor.py", line 237, in process_encoded
    self.output(decoded_value)
  File "apache_beam/runners/worker/operations.py", line 569, in apache_beam.runners.worker.operations.Operation.output
  File "apache_beam/runners/worker/operations.py", line 571, in apache_beam.runners.worker.operations.Operation.output
  File "apache_beam/runners/worker/operations.py", line 262, in apache_beam.runners.worker.operations.SingletonElementConsumerSet.receive
  File "apache_beam/runners/worker/operations.py", line 265, in apache_beam.runners.worker.operations.SingletonElementConsumerSet.receive
  File "apache_beam/runners/worker/operations.py", line 1066, in apache_beam.runners.worker.operations.SdfProcessSizedElements.process
  File "apache_beam/runners/worker/operations.py", line 1075, in apache_beam.runners.worker.operations.SdfProcessSizedElements.process
  File "apache_beam/runners/common.py", line 1467, in apache_beam.runners.common.DoFnRunner.process_with_sized_restriction
  File "apache_beam/runners/common.py", line 841, in apache_beam.runners.common.PerWindowInvoker.invoke_process
  File "apache_beam/runners/common.py", line 997, in apache_beam.runners.common.PerWindowInvoker._invoke_process_per_window
  File "apache_beam/runners/common.py", line 1621, in apache_beam.runners.common._OutputHandler.handle_process_outputs
  File "apache_beam/runners/common.py", line 1734, in apache_beam.runners.common._OutputHandler._write_value_to_tag
  File "apache_beam/runners/worker/operations.py", line 265, in apache_beam.runners.worker.operations.SingletonElementConsumerSet.receive
  File "apache_beam/runners/worker/operations.py", line 952, in apache_beam.runners.worker.operations.DoOperation.process
  File "apache_beam/runners/worker/operations.py", line 953, in apache_beam.runners.worker.operations.DoOperation.process
  File "apache_beam/runners/common.py", line 1437, in apache_beam.runners.common.DoFnRunner.process
  File "apache_beam/runners/common.py", line 1547, in apache_beam.runners.common.DoFnRunner._reraise_augmented
  File "apache_beam/runners/common.py", line 1435, in apache_beam.runners.common.DoFnRunner.process
  File "apache_beam/runners/common.py", line 640, in apache_beam.runners.common.SimpleInvoker.invoke_process
TypeError: process() missing 1 required positional argument: 'convert_features' [while running 'ConvertTypeFloatToDecimal-ptransform-43']
; 9251)
[2024-07-22T07:38:23.232+0000] {local_task_job_runner.py:234} INFO - Task exited with return code 1
[2024-07-22T07:38:23.279+0000] {taskinstance.py:3280} INFO - 0 downstream tasks scheduled from follow-on schedule check
