[2024-07-23T03:54:47.392+0000] {taskinstance.py:1956} INFO - Dependencies all met for dep_context=non-requeueable deps ti=<TaskInstance: fact_order_etl_daily.transform_and_load_task scheduled__2024-07-22T00:00:00+00:00 [queued]>
[2024-07-23T03:54:47.412+0000] {taskinstance.py:1956} INFO - Dependencies all met for dep_context=requeueable deps ti=<TaskInstance: fact_order_etl_daily.transform_and_load_task scheduled__2024-07-22T00:00:00+00:00 [queued]>
[2024-07-23T03:54:47.415+0000] {taskinstance.py:2170} INFO - Starting attempt 1 of 1
[2024-07-23T03:54:47.448+0000] {taskinstance.py:2191} INFO - Executing <Task(_PythonDecoratedOperator): transform_and_load_task> on 2024-07-22 00:00:00+00:00
[2024-07-23T03:54:47.462+0000] {standard_task_runner.py:60} INFO - Started process 3941 to run task
[2024-07-23T03:54:47.581+0000] {standard_task_runner.py:87} INFO - Running: ['***', 'tasks', 'run', 'fact_order_etl_daily', 'transform_and_load_task', 'scheduled__2024-07-22T00:00:00+00:00', '--job-id', '289', '--raw', '--subdir', 'DAGS_FOLDER/fact_order.py', '--cfg-path', '/tmp/tmpsclijtoy']
[2024-07-23T03:54:47.589+0000] {standard_task_runner.py:88} INFO - Job 289: Subtask transform_and_load_task
[2024-07-23T03:54:47.820+0000] {task_command.py:423} INFO - Running <TaskInstance: fact_order_etl_daily.transform_and_load_task scheduled__2024-07-22T00:00:00+00:00 [running]> on host 087c584822ad
[2024-07-23T03:54:48.209+0000] {taskinstance.py:2480} INFO - Exporting env vars: AIRFLOW_CTX_DAG_OWNER='***' AIRFLOW_CTX_DAG_ID='fact_order_etl_daily' AIRFLOW_CTX_TASK_ID='transform_and_load_task' AIRFLOW_CTX_EXECUTION_DATE='2024-07-22T00:00:00+00:00' AIRFLOW_CTX_TRY_NUMBER='1' AIRFLOW_CTX_DAG_RUN_ID='scheduled__2024-07-22T00:00:00+00:00'
[2024-07-23T03:54:48.212+0000] {logging_mixin.py:188} INFO - Start data transformation and load stage
[2024-07-23T03:54:49.255+0000] {pipeline_options.py:923} WARNING - Bucket specified in temp_location has soft-delete policy enabled. To avoid being billed for unnecessary storage costs, turn off the soft delete feature on buckets that your Dataflow jobs use for temporary and staging storage. For more information, see https://cloud.google.com/storage/docs/use-soft-delete#remove-soft-delete-policy.
[2024-07-23T03:54:49.657+0000] {pipeline_options.py:923} WARNING - Bucket specified in staging_location has soft-delete policy enabled. To avoid being billed for unnecessary storage costs, turn off the soft delete feature on buckets that your Dataflow jobs use for temporary and staging storage. For more information, see https://cloud.google.com/storage/docs/use-soft-delete#remove-soft-delete-policy.
[2024-07-23T03:54:55.409+0000] {pipeline_options.py:923} WARNING - Bucket specified in temp_location has soft-delete policy enabled. To avoid being billed for unnecessary storage costs, turn off the soft delete feature on buckets that your Dataflow jobs use for temporary and staging storage. For more information, see https://cloud.google.com/storage/docs/use-soft-delete#remove-soft-delete-policy.
[2024-07-23T03:54:55.783+0000] {pipeline_options.py:923} WARNING - Bucket specified in staging_location has soft-delete policy enabled. To avoid being billed for unnecessary storage costs, turn off the soft delete feature on buckets that your Dataflow jobs use for temporary and staging storage. For more information, see https://cloud.google.com/storage/docs/use-soft-delete#remove-soft-delete-policy.
[2024-07-23T03:54:56.758+0000] {stager.py:800} INFO - Executing command: ['/usr/local/bin/python', '-m', 'build', '--no-isolation', '--sdist', '--outdir', '/tmp/tmpbcxhnxqu', '/opt/***/plugins']
[2024-07-23T03:54:56.829+0000] {stager.py:810} INFO - Executing command: ['/usr/local/bin/python', 'setup.py', 'sdist', '--dist-dir', '/tmp/tmpbcxhnxqu']
[2024-07-23T03:55:00.723+0000] {dataflow_runner.py:397} INFO - Pipeline has additional dependencies to be installed in SDK worker container, consider using the SDK container image pre-building workflow to avoid repetitive installations. Learn more on https://cloud.google.com/dataflow/docs/guides/using-custom-containers#prebuild
[2024-07-23T03:55:00.732+0000] {environments.py:314} INFO - Using provided Python SDK container image: gcr.io/cloud-dataflow/v1beta3/beam_python3.8_sdk:2.57.0
[2024-07-23T03:55:00.735+0000] {environments.py:321} INFO - Python SDK container image set to "gcr.io/cloud-dataflow/v1beta3/beam_python3.8_sdk:2.57.0" for Docker environment
[2024-07-23T03:55:02.616+0000] {apiclient.py:663} INFO - Starting GCS upload to gs://ingestion_layer/staging/fact-order-bigquery-etl.1721706902.550309/workflow.tar.gz...
[2024-07-23T03:55:03.967+0000] {apiclient.py:673} INFO - Completed GCS upload to gs://ingestion_layer/staging/fact-order-bigquery-etl.1721706902.550309/workflow.tar.gz in 1 seconds.
[2024-07-23T03:55:03.971+0000] {apiclient.py:663} INFO - Starting GCS upload to gs://ingestion_layer/staging/fact-order-bigquery-etl.1721706902.550309/submission_environment_dependencies.txt...
[2024-07-23T03:55:04.866+0000] {apiclient.py:673} INFO - Completed GCS upload to gs://ingestion_layer/staging/fact-order-bigquery-etl.1721706902.550309/submission_environment_dependencies.txt in 0 seconds.
[2024-07-23T03:55:04.873+0000] {apiclient.py:663} INFO - Starting GCS upload to gs://ingestion_layer/staging/fact-order-bigquery-etl.1721706902.550309/pipeline.pb...
[2024-07-23T03:55:06.005+0000] {apiclient.py:673} INFO - Completed GCS upload to gs://ingestion_layer/staging/fact-order-bigquery-etl.1721706902.550309/pipeline.pb in 1 seconds.
[2024-07-23T03:55:06.020+0000] {pipeline_options.py:339} WARNING - Unknown pipeline options received: celery,worker. Ignore if flags are used for internal purposes.
[2024-07-23T03:55:06.031+0000] {pipeline_options.py:339} WARNING - Unknown pipeline options received: celery,worker. Ignore if flags are used for internal purposes.
[2024-07-23T03:55:07.422+0000] {apiclient.py:844} INFO - Create job: <Job
 clientRequestId: '20240723035502562030-9739'
 createTime: '2024-07-23T03:55:09.691465Z'
 currentStateTime: '1970-01-01T00:00:00Z'
 id: '2024-07-22_20_55_08-11107970531096953993'
 location: 'asia-southeast2'
 name: 'fact-order-bigquery-etl'
 projectId: 'liquid-kite-423215-s2'
 stageStates: []
 startTime: '2024-07-23T03:55:09.691465Z'
 steps: []
 tempFiles: []
 type: TypeValueValuesEnum(JOB_TYPE_BATCH, 1)>
[2024-07-23T03:55:07.424+0000] {apiclient.py:846} INFO - Created job with id: [2024-07-22_20_55_08-11107970531096953993]
[2024-07-23T03:55:07.425+0000] {apiclient.py:847} INFO - Submitted job: 2024-07-22_20_55_08-11107970531096953993
[2024-07-23T03:55:07.425+0000] {apiclient.py:848} INFO - To access the Dataflow monitoring console, please navigate to https://console.cloud.google.com/dataflow/jobs/asia-southeast2/2024-07-22_20_55_08-11107970531096953993?project=liquid-kite-423215-s2
[2024-07-23T03:55:07.881+0000] {dataflow_runner.py:153} INFO - Job 2024-07-22_20_55_08-11107970531096953993 is in state JOB_STATE_PENDING
[2024-07-23T03:55:13.070+0000] {dataflow_runner.py:203} INFO - 2024-07-23T03:55:12.598Z: JOB_MESSAGE_BASIC: Worker configuration: n1-standard-1 in asia-southeast2-c.
[2024-07-23T03:55:13.072+0000] {dataflow_runner.py:203} INFO - 2024-07-23T03:55:15.262Z: JOB_MESSAGE_BASIC: Executing operation WriteToBigQuery/WriteToBigQuery/BigQueryBatchFileLoads/ImpulseEmptyPC/Impulse+WriteToBigQuery/WriteToBigQuery/BigQueryBatchFileLoads/ImpulseEmptyPC/FlatMap(<lambda at core.py:3788>)+WriteToBigQuery/WriteToBigQuery/BigQueryBatchFileLoads/ImpulseEmptyPC/Map(decode)
[2024-07-23T03:55:13.257+0000] {dataflow_runner.py:153} INFO - Job 2024-07-22_20_55_08-11107970531096953993 is in state JOB_STATE_RUNNING
[2024-07-23T03:55:18.414+0000] {dataflow_runner.py:203} INFO - 2024-07-23T03:55:15.276Z: JOB_MESSAGE_BASIC: Executing operation Start/Impulse+Start/FlatMap(<lambda at core.py:3788>)+Start/Map(decode)
[2024-07-23T03:55:18.417+0000] {dataflow_runner.py:203} INFO - 2024-07-23T03:55:15.289Z: JOB_MESSAGE_BASIC: Executing operation WriteToBigQuery/WriteToBigQuery/BigQueryBatchFileLoads/ImpulseSingleElementPC/Impulse+WriteToBigQuery/WriteToBigQuery/BigQueryBatchFileLoads/ImpulseSingleElementPC/FlatMap(<lambda at core.py:3788>)+WriteToBigQuery/WriteToBigQuery/BigQueryBatchFileLoads/ImpulseSingleElementPC/Map(decode)+WriteToBigQuery/WriteToBigQuery/BigQueryBatchFileLoads/CopyJobNamePrefix+WriteToBigQuery/WriteToBigQuery/BigQueryBatchFileLoads/GenerateFilePrefix+WriteToBigQuery/WriteToBigQuery/BigQueryBatchFileLoads/LoadJobNamePrefix+WriteToBigQuery/WriteToBigQuery/BigQueryBatchFileLoads/SchemaModJobNamePrefix
[2024-07-23T03:55:18.418+0000] {dataflow_runner.py:203} INFO - 2024-07-23T03:55:15.302Z: JOB_MESSAGE_BASIC: Starting 1 workers in asia-southeast2...
[2024-07-23T03:55:18.423+0000] {dataflow_runner.py:203} INFO - 2024-07-23T03:55:15.303Z: JOB_MESSAGE_BASIC: Executing operation WriteLog/WriteLogGCS/Write/WriteImpl/DoOnce/Impulse+WriteLog/WriteLogGCS/Write/WriteImpl/DoOnce/FlatMap(<lambda at core.py:3788>)+WriteLog/WriteLogGCS/Write/WriteImpl/DoOnce/Map(decode)+WriteLog/WriteLogGCS/Write/WriteImpl/InitializeWrite
[2024-07-23T03:55:18.424+0000] {dataflow_runner.py:203} INFO - 2024-07-23T03:55:15.317Z: JOB_MESSAGE_BASIC: Executing operation ReadAvro/ReadAvro/Read/Impulse+ReadAvro/ReadAvro/Read/EmitSource+ref_AppliedPTransform_ReadAvro-ReadAvro-Read-SDFBoundedSourceReader-ParDo-SDFBoundedSourceDoFn-_13/PairWithRestriction+ref_AppliedPTransform_ReadAvro-ReadAvro-Read-SDFBoundedSourceReader-ParDo-SDFBoundedSourceDoFn-_13/SplitWithSizing
[2024-07-23T03:59:08.500+0000] {dataflow_runner.py:203} INFO - 2024-07-23T03:59:09.328Z: JOB_MESSAGE_BASIC: All workers have finished the startup processes and began to receive work requests.
[2024-07-23T03:59:13.812+0000] {dataflow_runner.py:203} INFO - 2024-07-23T03:59:11.732Z: JOB_MESSAGE_BASIC: Finished operation ReadAvro/ReadAvro/Read/Impulse+ReadAvro/ReadAvro/Read/EmitSource+ref_AppliedPTransform_ReadAvro-ReadAvro-Read-SDFBoundedSourceReader-ParDo-SDFBoundedSourceDoFn-_13/PairWithRestriction+ref_AppliedPTransform_ReadAvro-ReadAvro-Read-SDFBoundedSourceReader-ParDo-SDFBoundedSourceDoFn-_13/SplitWithSizing
[2024-07-23T03:59:13.814+0000] {dataflow_runner.py:203} INFO - 2024-07-23T03:59:11.791Z: JOB_MESSAGE_BASIC: Executing operation RemoveDuplicates/GroupByKey/Create
[2024-07-23T03:59:13.816+0000] {dataflow_runner.py:203} INFO - 2024-07-23T03:59:12.328Z: JOB_MESSAGE_BASIC: Finished operation Start/Impulse+Start/FlatMap(<lambda at core.py:3788>)+Start/Map(decode)
[2024-07-23T03:59:13.817+0000] {dataflow_runner.py:203} INFO - 2024-07-23T03:59:12.348Z: JOB_MESSAGE_BASIC: Finished operation RemoveDuplicates/GroupByKey/Create
[2024-07-23T03:59:13.819+0000] {dataflow_runner.py:203} INFO - 2024-07-23T03:59:12.375Z: JOB_MESSAGE_BASIC: Finished operation WriteToBigQuery/WriteToBigQuery/BigQueryBatchFileLoads/ImpulseEmptyPC/Impulse+WriteToBigQuery/WriteToBigQuery/BigQueryBatchFileLoads/ImpulseEmptyPC/FlatMap(<lambda at core.py:3788>)+WriteToBigQuery/WriteToBigQuery/BigQueryBatchFileLoads/ImpulseEmptyPC/Map(decode)
[2024-07-23T03:59:13.821+0000] {dataflow_runner.py:203} INFO - 2024-07-23T03:59:12.405Z: JOB_MESSAGE_BASIC: Executing operation ref_AppliedPTransform_ReadAvro-ReadAvro-Read-SDFBoundedSourceReader-ParDo-SDFBoundedSourceDoFn-_13/ProcessElementAndRestrictionWithSizing+ConvertTypeFloatToDecimal+RemoveDuplicates/PairWithKey+RemoveDuplicates/GroupByKey/Write
[2024-07-23T03:59:13.824+0000] {dataflow_runner.py:203} INFO - 2024-07-23T03:59:12.675Z: JOB_MESSAGE_BASIC: Finished operation WriteToBigQuery/WriteToBigQuery/BigQueryBatchFileLoads/ImpulseSingleElementPC/Impulse+WriteToBigQuery/WriteToBigQuery/BigQueryBatchFileLoads/ImpulseSingleElementPC/FlatMap(<lambda at core.py:3788>)+WriteToBigQuery/WriteToBigQuery/BigQueryBatchFileLoads/ImpulseSingleElementPC/Map(decode)+WriteToBigQuery/WriteToBigQuery/BigQueryBatchFileLoads/CopyJobNamePrefix+WriteToBigQuery/WriteToBigQuery/BigQueryBatchFileLoads/GenerateFilePrefix+WriteToBigQuery/WriteToBigQuery/BigQueryBatchFileLoads/LoadJobNamePrefix+WriteToBigQuery/WriteToBigQuery/BigQueryBatchFileLoads/SchemaModJobNamePrefix
[2024-07-23T03:59:13.826+0000] {dataflow_runner.py:203} INFO - 2024-07-23T03:59:12.758Z: JOB_MESSAGE_BASIC: Executing operation WriteToBigQuery/WriteToBigQuery/BigQueryBatchFileLoads/ParDo(TriggerCopyJobs)/ParDo(TriggerCopyJobs)/View-python_side_input0
[2024-07-23T03:59:13.828+0000] {dataflow_runner.py:203} INFO - 2024-07-23T03:59:12.771Z: JOB_MESSAGE_BASIC: Executing operation WriteToBigQuery/WriteToBigQuery/BigQueryBatchFileLoads/WriteGroupedRecordsToFile/View-python_side_input0
[2024-07-23T03:59:13.830+0000] {dataflow_runner.py:203} INFO - 2024-07-23T03:59:12.784Z: JOB_MESSAGE_BASIC: Executing operation WriteToBigQuery/WriteToBigQuery/BigQueryBatchFileLoads/ParDo(WriteRecordsToFile)/ParDo(WriteRecordsToFile)/View-python_side_input0
[2024-07-23T03:59:13.832+0000] {dataflow_runner.py:203} INFO - 2024-07-23T03:59:12.798Z: JOB_MESSAGE_BASIC: Executing operation WriteToBigQuery/WriteToBigQuery/BigQueryBatchFileLoads/TriggerLoadJobsWithTempTables/ParDo(TriggerLoadJobs)/View-python_side_input0
[2024-07-23T03:59:13.834+0000] {dataflow_runner.py:203} INFO - 2024-07-23T03:59:12.806Z: JOB_MESSAGE_BASIC: Finished operation WriteToBigQuery/WriteToBigQuery/BigQueryBatchFileLoads/ParDo(TriggerCopyJobs)/ParDo(TriggerCopyJobs)/View-python_side_input0
[2024-07-23T03:59:13.836+0000] {dataflow_runner.py:203} INFO - 2024-07-23T03:59:12.811Z: JOB_MESSAGE_BASIC: Executing operation WriteToBigQuery/WriteToBigQuery/BigQueryBatchFileLoads/TriggerLoadJobsWithoutTempTables/ParDo(TriggerLoadJobs)/View-python_side_input0
[2024-07-23T03:59:13.838+0000] {dataflow_runner.py:203} INFO - 2024-07-23T03:59:12.818Z: JOB_MESSAGE_BASIC: Finished operation WriteToBigQuery/WriteToBigQuery/BigQueryBatchFileLoads/WriteGroupedRecordsToFile/View-python_side_input0
[2024-07-23T03:59:13.840+0000] {dataflow_runner.py:203} INFO - 2024-07-23T03:59:12.824Z: JOB_MESSAGE_BASIC: Executing operation WriteToBigQuery/WriteToBigQuery/BigQueryBatchFileLoads/ParDo(UpdateDestinationSchema)/View-python_side_input0
[2024-07-23T03:59:13.842+0000] {dataflow_runner.py:203} INFO - 2024-07-23T03:59:12.830Z: JOB_MESSAGE_BASIC: Finished operation WriteToBigQuery/WriteToBigQuery/BigQueryBatchFileLoads/ParDo(WriteRecordsToFile)/ParDo(WriteRecordsToFile)/View-python_side_input0
[2024-07-23T03:59:13.844+0000] {dataflow_runner.py:203} INFO - 2024-07-23T03:59:12.847Z: JOB_MESSAGE_BASIC: Finished operation WriteToBigQuery/WriteToBigQuery/BigQueryBatchFileLoads/TriggerLoadJobsWithTempTables/ParDo(TriggerLoadJobs)/View-python_side_input0
[2024-07-23T03:59:13.846+0000] {dataflow_runner.py:203} INFO - 2024-07-23T03:59:12.918Z: JOB_MESSAGE_BASIC: Finished operation WriteToBigQuery/WriteToBigQuery/BigQueryBatchFileLoads/ParDo(UpdateDestinationSchema)/View-python_side_input0
[2024-07-23T03:59:13.847+0000] {dataflow_runner.py:203} INFO - 2024-07-23T03:59:12.918Z: JOB_MESSAGE_BASIC: Finished operation WriteToBigQuery/WriteToBigQuery/BigQueryBatchFileLoads/TriggerLoadJobsWithoutTempTables/ParDo(TriggerLoadJobs)/View-python_side_input0
[2024-07-23T03:59:13.850+0000] {dataflow_runner.py:203} INFO - 2024-07-23T03:59:13.468Z: JOB_MESSAGE_BASIC: Finished operation WriteLog/WriteLogGCS/Write/WriteImpl/DoOnce/Impulse+WriteLog/WriteLogGCS/Write/WriteImpl/DoOnce/FlatMap(<lambda at core.py:3788>)+WriteLog/WriteLogGCS/Write/WriteImpl/DoOnce/Map(decode)+WriteLog/WriteLogGCS/Write/WriteImpl/InitializeWrite
[2024-07-23T03:59:13.851+0000] {dataflow_runner.py:203} INFO - 2024-07-23T03:59:13.552Z: JOB_MESSAGE_BASIC: Executing operation WriteLog/WriteLogGCS/Write/WriteImpl/WriteBundles/View-python_side_input0
[2024-07-23T03:59:13.853+0000] {dataflow_runner.py:203} INFO - 2024-07-23T03:59:13.568Z: JOB_MESSAGE_BASIC: Executing operation WriteLog/WriteLogGCS/Write/WriteImpl/FinalizeWrite/View-python_side_input0
[2024-07-23T03:59:13.855+0000] {dataflow_runner.py:203} INFO - 2024-07-23T03:59:13.585Z: JOB_MESSAGE_BASIC: Executing operation WriteLog/WriteLogGCS/Write/WriteImpl/PreFinalize/View-python_side_input0
[2024-07-23T03:59:13.857+0000] {dataflow_runner.py:203} INFO - 2024-07-23T03:59:13.601Z: JOB_MESSAGE_BASIC: Finished operation WriteLog/WriteLogGCS/Write/WriteImpl/WriteBundles/View-python_side_input0
[2024-07-23T03:59:13.860+0000] {dataflow_runner.py:203} INFO - 2024-07-23T03:59:13.622Z: JOB_MESSAGE_BASIC: Finished operation WriteLog/WriteLogGCS/Write/WriteImpl/FinalizeWrite/View-python_side_input0
[2024-07-23T03:59:13.862+0000] {dataflow_runner.py:203} INFO - 2024-07-23T03:59:13.647Z: JOB_MESSAGE_BASIC: Finished operation WriteLog/WriteLogGCS/Write/WriteImpl/PreFinalize/View-python_side_input0
[2024-07-23T03:59:13.863+0000] {dataflow_runner.py:203} INFO - 2024-07-23T03:59:15.969Z: JOB_MESSAGE_BASIC: Finished operation ref_AppliedPTransform_ReadAvro-ReadAvro-Read-SDFBoundedSourceReader-ParDo-SDFBoundedSourceDoFn-_13/ProcessElementAndRestrictionWithSizing+ConvertTypeFloatToDecimal+RemoveDuplicates/PairWithKey+RemoveDuplicates/GroupByKey/Write
[2024-07-23T03:59:13.865+0000] {dataflow_runner.py:203} INFO - 2024-07-23T03:59:16.005Z: JOB_MESSAGE_BASIC: Executing operation RemoveDuplicates/GroupByKey/Close
[2024-07-23T03:59:19.158+0000] {dataflow_runner.py:203} INFO - 2024-07-23T03:59:16.778Z: JOB_MESSAGE_BASIC: Finished operation RemoveDuplicates/GroupByKey/Close
[2024-07-23T03:59:19.159+0000] {dataflow_runner.py:203} INFO - 2024-07-23T03:59:16.815Z: JOB_MESSAGE_BASIC: Executing operation WriteToBigQuery/WriteToBigQuery/BigQueryBatchFileLoads/GroupShardedRows/Create
[2024-07-23T03:59:19.160+0000] {dataflow_runner.py:203} INFO - 2024-07-23T03:59:16.832Z: JOB_MESSAGE_BASIC: Executing operation FindMaxDateString/CombinePerKey/GroupByKey/Create
[2024-07-23T03:59:19.161+0000] {dataflow_runner.py:203} INFO - 2024-07-23T03:59:16.906Z: JOB_MESSAGE_BASIC: Finished operation WriteToBigQuery/WriteToBigQuery/BigQueryBatchFileLoads/GroupShardedRows/Create
[2024-07-23T03:59:19.162+0000] {dataflow_runner.py:203} INFO - 2024-07-23T03:59:16.916Z: JOB_MESSAGE_BASIC: Finished operation FindMaxDateString/CombinePerKey/GroupByKey/Create
[2024-07-23T03:59:19.163+0000] {dataflow_runner.py:203} INFO - 2024-07-23T03:59:17.014Z: JOB_MESSAGE_BASIC: Executing operation WriteToBigQuery/WriteToBigQuery/BigQueryBatchFileLoads/GroupFilesByTableDestinations/Create
[2024-07-23T03:59:19.164+0000] {dataflow_runner.py:203} INFO - 2024-07-23T03:59:17.101Z: JOB_MESSAGE_BASIC: Finished operation WriteToBigQuery/WriteToBigQuery/BigQueryBatchFileLoads/GroupFilesByTableDestinations/Create
[2024-07-23T03:59:19.165+0000] {dataflow_runner.py:203} INFO - 2024-07-23T03:59:17.172Z: JOB_MESSAGE_BASIC: Executing operation RemoveDuplicates/GroupByKey/Read+RemoveDuplicates/RemoveDuplicates+ExtractDateString+WriteToBigQuery/WriteToBigQuery/BigQueryBatchFileLoads/RewindowIntoGlobal+FindMaxDateString/KeyWithVoid+FindMaxDateString/CombinePerKey/GroupByKey+FindMaxDateString/CombinePerKey/Combine/Partial+FindMaxDateString/CombinePerKey/GroupByKey/Write+WriteToBigQuery/WriteToBigQuery/BigQueryBatchFileLoads/AppendDestination+WriteToBigQuery/WriteToBigQuery/BigQueryBatchFileLoads/ParDo(WriteRecordsToFile)/ParDo(WriteRecordsToFile)+WriteToBigQuery/WriteToBigQuery/BigQueryBatchFileLoads/IdentityWorkaround+WriteToBigQuery/WriteToBigQuery/BigQueryBatchFileLoads/GroupFilesByTableDestinations/Write+WriteToBigQuery/WriteToBigQuery/BigQueryBatchFileLoads/ParDo(_ShardDestinations)+WriteToBigQuery/WriteToBigQuery/BigQueryBatchFileLoads/GroupShardedRows/Write
[2024-07-23T03:59:19.166+0000] {dataflow_runner.py:207} ERROR - 2024-07-23T03:59:17.896Z: JOB_MESSAGE_ERROR: Traceback (most recent call last):
  File "/usr/local/lib/python3.8/site-packages/apache_beam/internal/dill_pickler.py", line 418, in loads
    return dill.loads(s)
  File "/usr/local/lib/python3.8/site-packages/dill/_dill.py", line 275, in loads
    return load(file, ignore, **kwds)
  File "/usr/local/lib/python3.8/site-packages/dill/_dill.py", line 270, in load
    return Unpickler(file, ignore=ignore, **kwds).load()
  File "/usr/local/lib/python3.8/site-packages/dill/_dill.py", line 472, in load
    obj = StockUnpickler.load(self)
  File "/usr/local/lib/python3.8/site-packages/dill/_dill.py", line 826, in _import_module
    return __import__(import_name)
ModuleNotFoundError: No module named 'unusual_prefix_33f4403fa5edfbde6998efbeee7b04d54a7f7740_fact_order'

During handling of the above exception, another exception occurred:

Traceback (most recent call last):
  File "/usr/local/lib/python3.8/site-packages/apache_beam/runners/worker/sdk_worker.py", line 311, in _execute
    response = task()
  File "/usr/local/lib/python3.8/site-packages/apache_beam/runners/worker/sdk_worker.py", line 386, in <lambda>
    lambda: self.create_worker().do_instruction(request), request)
  File "/usr/local/lib/python3.8/site-packages/apache_beam/runners/worker/sdk_worker.py", line 656, in do_instruction
    return getattr(self, request_type)(
  File "/usr/local/lib/python3.8/site-packages/apache_beam/runners/worker/sdk_worker.py", line 687, in process_bundle
    bundle_processor = self.bundle_processor_cache.get(
  File "/usr/local/lib/python3.8/site-packages/apache_beam/runners/worker/sdk_worker.py", line 510, in get
    processor = bundle_processor.BundleProcessor(
  File "/usr/local/lib/python3.8/site-packages/apache_beam/runners/worker/bundle_processor.py", line 974, in __init__
    self.ops = self.create_execution_tree(self.process_bundle_descriptor)
  File "/usr/local/lib/python3.8/site-packages/apache_beam/runners/worker/bundle_processor.py", line 1036, in create_execution_tree
    return collections.OrderedDict([(
  File "/usr/local/lib/python3.8/site-packages/apache_beam/runners/worker/bundle_processor.py", line 1039, in <listcomp>
    get_operation(transform_id))) for transform_id in sorted(
  File "/usr/local/lib/python3.8/site-packages/apache_beam/runners/worker/bundle_processor.py", line 875, in wrapper
    result = cache[args] = func(*args)
  File "/usr/local/lib/python3.8/site-packages/apache_beam/runners/worker/bundle_processor.py", line 1012, in get_operation
    transform_consumers = {
  File "/usr/local/lib/python3.8/site-packages/apache_beam/runners/worker/bundle_processor.py", line 1013, in <dictcomp>
    tag: [get_operation(op) for op in pcoll_consumers[pcoll_id]]
  File "/usr/local/lib/python3.8/site-packages/apache_beam/runners/worker/bundle_processor.py", line 1013, in <listcomp>
    tag: [get_operation(op) for op in pcoll_consumers[pcoll_id]]
  File "/usr/local/lib/python3.8/site-packages/apache_beam/runners/worker/bundle_processor.py", line 875, in wrapper
    result = cache[args] = func(*args)
  File "/usr/local/lib/python3.8/site-packages/apache_beam/runners/worker/bundle_processor.py", line 1012, in get_operation
    transform_consumers = {
  File "/usr/local/lib/python3.8/site-packages/apache_beam/runners/worker/bundle_processor.py", line 1013, in <dictcomp>
    tag: [get_operation(op) for op in pcoll_consumers[pcoll_id]]
  File "/usr/local/lib/python3.8/site-packages/apache_beam/runners/worker/bundle_processor.py", line 1013, in <listcomp>
    tag: [get_operation(op) for op in pcoll_consumers[pcoll_id]]
  File "/usr/local/lib/python3.8/site-packages/apache_beam/runners/worker/bundle_processor.py", line 875, in wrapper
    result = cache[args] = func(*args)
  File "/usr/local/lib/python3.8/site-packages/apache_beam/runners/worker/bundle_processor.py", line 1023, in get_operation
    return transform_factory.create_operation(
  File "/usr/local/lib/python3.8/site-packages/apache_beam/runners/worker/bundle_processor.py", line 1337, in create_operation
    return creator(self, transform_id, transform_proto, payload, consumers)
  File "/usr/local/lib/python3.8/site-packages/apache_beam/runners/worker/bundle_processor.py", line 1684, in create_par_do
    return _create_pardo_operation(
  File "/usr/local/lib/python3.8/site-packages/apache_beam/runners/worker/bundle_processor.py", line 1730, in _create_pardo_operation
    dofn_data = pickler.loads(serialized_fn)
  File "/usr/local/lib/python3.8/site-packages/apache_beam/internal/pickler.py", line 51, in loads
    return desired_pickle_lib.loads(
  File "/usr/local/lib/python3.8/site-packages/apache_beam/internal/dill_pickler.py", line 422, in loads
    return dill.loads(s)
  File "/usr/local/lib/python3.8/site-packages/dill/_dill.py", line 275, in loads
    return load(file, ignore, **kwds)
  File "/usr/local/lib/python3.8/site-packages/dill/_dill.py", line 270, in load
    return Unpickler(file, ignore=ignore, **kwds).load()
  File "/usr/local/lib/python3.8/site-packages/dill/_dill.py", line 472, in load
    obj = StockUnpickler.load(self)
  File "/usr/local/lib/python3.8/site-packages/dill/_dill.py", line 826, in _import_module
    return __import__(import_name)
ModuleNotFoundError: No module named 'unusual_prefix_33f4403fa5edfbde6998efbeee7b04d54a7f7740_fact_order'

[2024-07-23T03:59:19.167+0000] {dataflow_runner.py:207} ERROR - 2024-07-23T03:59:18.131Z: JOB_MESSAGE_ERROR: Traceback (most recent call last):
  File "/usr/local/lib/python3.8/site-packages/apache_beam/internal/dill_pickler.py", line 418, in loads
    return dill.loads(s)
  File "/usr/local/lib/python3.8/site-packages/dill/_dill.py", line 275, in loads
    return load(file, ignore, **kwds)
  File "/usr/local/lib/python3.8/site-packages/dill/_dill.py", line 270, in load
    return Unpickler(file, ignore=ignore, **kwds).load()
  File "/usr/local/lib/python3.8/site-packages/dill/_dill.py", line 472, in load
    obj = StockUnpickler.load(self)
  File "/usr/local/lib/python3.8/site-packages/dill/_dill.py", line 826, in _import_module
    return __import__(import_name)
ModuleNotFoundError: No module named 'unusual_prefix_33f4403fa5edfbde6998efbeee7b04d54a7f7740_fact_order'

During handling of the above exception, another exception occurred:

Traceback (most recent call last):
  File "/usr/local/lib/python3.8/site-packages/apache_beam/runners/worker/sdk_worker.py", line 311, in _execute
    response = task()
  File "/usr/local/lib/python3.8/site-packages/apache_beam/runners/worker/sdk_worker.py", line 386, in <lambda>
    lambda: self.create_worker().do_instruction(request), request)
  File "/usr/local/lib/python3.8/site-packages/apache_beam/runners/worker/sdk_worker.py", line 656, in do_instruction
    return getattr(self, request_type)(
  File "/usr/local/lib/python3.8/site-packages/apache_beam/runners/worker/sdk_worker.py", line 687, in process_bundle
    bundle_processor = self.bundle_processor_cache.get(
  File "/usr/local/lib/python3.8/site-packages/apache_beam/runners/worker/sdk_worker.py", line 510, in get
    processor = bundle_processor.BundleProcessor(
  File "/usr/local/lib/python3.8/site-packages/apache_beam/runners/worker/bundle_processor.py", line 974, in __init__
    self.ops = self.create_execution_tree(self.process_bundle_descriptor)
  File "/usr/local/lib/python3.8/site-packages/apache_beam/runners/worker/bundle_processor.py", line 1036, in create_execution_tree
    return collections.OrderedDict([(
  File "/usr/local/lib/python3.8/site-packages/apache_beam/runners/worker/bundle_processor.py", line 1039, in <listcomp>
    get_operation(transform_id))) for transform_id in sorted(
  File "/usr/local/lib/python3.8/site-packages/apache_beam/runners/worker/bundle_processor.py", line 875, in wrapper
    result = cache[args] = func(*args)
  File "/usr/local/lib/python3.8/site-packages/apache_beam/runners/worker/bundle_processor.py", line 1012, in get_operation
    transform_consumers = {
  File "/usr/local/lib/python3.8/site-packages/apache_beam/runners/worker/bundle_processor.py", line 1013, in <dictcomp>
    tag: [get_operation(op) for op in pcoll_consumers[pcoll_id]]
  File "/usr/local/lib/python3.8/site-packages/apache_beam/runners/worker/bundle_processor.py", line 1013, in <listcomp>
    tag: [get_operation(op) for op in pcoll_consumers[pcoll_id]]
  File "/usr/local/lib/python3.8/site-packages/apache_beam/runners/worker/bundle_processor.py", line 875, in wrapper
    result = cache[args] = func(*args)
  File "/usr/local/lib/python3.8/site-packages/apache_beam/runners/worker/bundle_processor.py", line 1012, in get_operation
    transform_consumers = {
  File "/usr/local/lib/python3.8/site-packages/apache_beam/runners/worker/bundle_processor.py", line 1013, in <dictcomp>
    tag: [get_operation(op) for op in pcoll_consumers[pcoll_id]]
  File "/usr/local/lib/python3.8/site-packages/apache_beam/runners/worker/bundle_processor.py", line 1013, in <listcomp>
    tag: [get_operation(op) for op in pcoll_consumers[pcoll_id]]
  File "/usr/local/lib/python3.8/site-packages/apache_beam/runners/worker/bundle_processor.py", line 875, in wrapper
    result = cache[args] = func(*args)
  File "/usr/local/lib/python3.8/site-packages/apache_beam/runners/worker/bundle_processor.py", line 1023, in get_operation
    return transform_factory.create_operation(
  File "/usr/local/lib/python3.8/site-packages/apache_beam/runners/worker/bundle_processor.py", line 1337, in create_operation
    return creator(self, transform_id, transform_proto, payload, consumers)
  File "/usr/local/lib/python3.8/site-packages/apache_beam/runners/worker/bundle_processor.py", line 1684, in create_par_do
    return _create_pardo_operation(
  File "/usr/local/lib/python3.8/site-packages/apache_beam/runners/worker/bundle_processor.py", line 1730, in _create_pardo_operation
    dofn_data = pickler.loads(serialized_fn)
  File "/usr/local/lib/python3.8/site-packages/apache_beam/internal/pickler.py", line 51, in loads
    return desired_pickle_lib.loads(
  File "/usr/local/lib/python3.8/site-packages/apache_beam/internal/dill_pickler.py", line 422, in loads
    return dill.loads(s)
  File "/usr/local/lib/python3.8/site-packages/dill/_dill.py", line 275, in loads
    return load(file, ignore, **kwds)
  File "/usr/local/lib/python3.8/site-packages/dill/_dill.py", line 270, in load
    return Unpickler(file, ignore=ignore, **kwds).load()
  File "/usr/local/lib/python3.8/site-packages/dill/_dill.py", line 472, in load
    obj = StockUnpickler.load(self)
  File "/usr/local/lib/python3.8/site-packages/dill/_dill.py", line 826, in _import_module
    return __import__(import_name)
ModuleNotFoundError: No module named 'unusual_prefix_33f4403fa5edfbde6998efbeee7b04d54a7f7740_fact_order'

[2024-07-23T03:59:19.168+0000] {dataflow_runner.py:207} ERROR - 2024-07-23T03:59:18.271Z: JOB_MESSAGE_ERROR: Traceback (most recent call last):
  File "/usr/local/lib/python3.8/site-packages/apache_beam/internal/dill_pickler.py", line 418, in loads
    return dill.loads(s)
  File "/usr/local/lib/python3.8/site-packages/dill/_dill.py", line 275, in loads
    return load(file, ignore, **kwds)
  File "/usr/local/lib/python3.8/site-packages/dill/_dill.py", line 270, in load
    return Unpickler(file, ignore=ignore, **kwds).load()
  File "/usr/local/lib/python3.8/site-packages/dill/_dill.py", line 472, in load
    obj = StockUnpickler.load(self)
  File "/usr/local/lib/python3.8/site-packages/dill/_dill.py", line 826, in _import_module
    return __import__(import_name)
ModuleNotFoundError: No module named 'unusual_prefix_33f4403fa5edfbde6998efbeee7b04d54a7f7740_fact_order'

During handling of the above exception, another exception occurred:

Traceback (most recent call last):
  File "/usr/local/lib/python3.8/site-packages/apache_beam/runners/worker/sdk_worker.py", line 311, in _execute
    response = task()
  File "/usr/local/lib/python3.8/site-packages/apache_beam/runners/worker/sdk_worker.py", line 386, in <lambda>
    lambda: self.create_worker().do_instruction(request), request)
  File "/usr/local/lib/python3.8/site-packages/apache_beam/runners/worker/sdk_worker.py", line 656, in do_instruction
    return getattr(self, request_type)(
  File "/usr/local/lib/python3.8/site-packages/apache_beam/runners/worker/sdk_worker.py", line 687, in process_bundle
    bundle_processor = self.bundle_processor_cache.get(
  File "/usr/local/lib/python3.8/site-packages/apache_beam/runners/worker/sdk_worker.py", line 510, in get
    processor = bundle_processor.BundleProcessor(
  File "/usr/local/lib/python3.8/site-packages/apache_beam/runners/worker/bundle_processor.py", line 974, in __init__
    self.ops = self.create_execution_tree(self.process_bundle_descriptor)
  File "/usr/local/lib/python3.8/site-packages/apache_beam/runners/worker/bundle_processor.py", line 1036, in create_execution_tree
    return collections.OrderedDict([(
  File "/usr/local/lib/python3.8/site-packages/apache_beam/runners/worker/bundle_processor.py", line 1039, in <listcomp>
    get_operation(transform_id))) for transform_id in sorted(
  File "/usr/local/lib/python3.8/site-packages/apache_beam/runners/worker/bundle_processor.py", line 875, in wrapper
    result = cache[args] = func(*args)
  File "/usr/local/lib/python3.8/site-packages/apache_beam/runners/worker/bundle_processor.py", line 1012, in get_operation
    transform_consumers = {
  File "/usr/local/lib/python3.8/site-packages/apache_beam/runners/worker/bundle_processor.py", line 1013, in <dictcomp>
    tag: [get_operation(op) for op in pcoll_consumers[pcoll_id]]
  File "/usr/local/lib/python3.8/site-packages/apache_beam/runners/worker/bundle_processor.py", line 1013, in <listcomp>
    tag: [get_operation(op) for op in pcoll_consumers[pcoll_id]]
  File "/usr/local/lib/python3.8/site-packages/apache_beam/runners/worker/bundle_processor.py", line 875, in wrapper
    result = cache[args] = func(*args)
  File "/usr/local/lib/python3.8/site-packages/apache_beam/runners/worker/bundle_processor.py", line 1012, in get_operation
    transform_consumers = {
  File "/usr/local/lib/python3.8/site-packages/apache_beam/runners/worker/bundle_processor.py", line 1013, in <dictcomp>
    tag: [get_operation(op) for op in pcoll_consumers[pcoll_id]]
  File "/usr/local/lib/python3.8/site-packages/apache_beam/runners/worker/bundle_processor.py", line 1013, in <listcomp>
    tag: [get_operation(op) for op in pcoll_consumers[pcoll_id]]
  File "/usr/local/lib/python3.8/site-packages/apache_beam/runners/worker/bundle_processor.py", line 875, in wrapper
    result = cache[args] = func(*args)
  File "/usr/local/lib/python3.8/site-packages/apache_beam/runners/worker/bundle_processor.py", line 1023, in get_operation
    return transform_factory.create_operation(
  File "/usr/local/lib/python3.8/site-packages/apache_beam/runners/worker/bundle_processor.py", line 1337, in create_operation
    return creator(self, transform_id, transform_proto, payload, consumers)
  File "/usr/local/lib/python3.8/site-packages/apache_beam/runners/worker/bundle_processor.py", line 1684, in create_par_do
    return _create_pardo_operation(
  File "/usr/local/lib/python3.8/site-packages/apache_beam/runners/worker/bundle_processor.py", line 1730, in _create_pardo_operation
    dofn_data = pickler.loads(serialized_fn)
  File "/usr/local/lib/python3.8/site-packages/apache_beam/internal/pickler.py", line 51, in loads
    return desired_pickle_lib.loads(
  File "/usr/local/lib/python3.8/site-packages/apache_beam/internal/dill_pickler.py", line 422, in loads
    return dill.loads(s)
  File "/usr/local/lib/python3.8/site-packages/dill/_dill.py", line 275, in loads
    return load(file, ignore, **kwds)
  File "/usr/local/lib/python3.8/site-packages/dill/_dill.py", line 270, in load
    return Unpickler(file, ignore=ignore, **kwds).load()
  File "/usr/local/lib/python3.8/site-packages/dill/_dill.py", line 472, in load
    obj = StockUnpickler.load(self)
  File "/usr/local/lib/python3.8/site-packages/dill/_dill.py", line 826, in _import_module
    return __import__(import_name)
ModuleNotFoundError: No module named 'unusual_prefix_33f4403fa5edfbde6998efbeee7b04d54a7f7740_fact_order'

[2024-07-23T03:59:19.169+0000] {dataflow_runner.py:207} ERROR - 2024-07-23T03:59:18.419Z: JOB_MESSAGE_ERROR: Traceback (most recent call last):
  File "/usr/local/lib/python3.8/site-packages/apache_beam/internal/dill_pickler.py", line 418, in loads
    return dill.loads(s)
  File "/usr/local/lib/python3.8/site-packages/dill/_dill.py", line 275, in loads
    return load(file, ignore, **kwds)
  File "/usr/local/lib/python3.8/site-packages/dill/_dill.py", line 270, in load
    return Unpickler(file, ignore=ignore, **kwds).load()
  File "/usr/local/lib/python3.8/site-packages/dill/_dill.py", line 472, in load
    obj = StockUnpickler.load(self)
  File "/usr/local/lib/python3.8/site-packages/dill/_dill.py", line 826, in _import_module
    return __import__(import_name)
ModuleNotFoundError: No module named 'unusual_prefix_33f4403fa5edfbde6998efbeee7b04d54a7f7740_fact_order'

During handling of the above exception, another exception occurred:

Traceback (most recent call last):
  File "/usr/local/lib/python3.8/site-packages/apache_beam/runners/worker/sdk_worker.py", line 311, in _execute
    response = task()
  File "/usr/local/lib/python3.8/site-packages/apache_beam/runners/worker/sdk_worker.py", line 386, in <lambda>
    lambda: self.create_worker().do_instruction(request), request)
  File "/usr/local/lib/python3.8/site-packages/apache_beam/runners/worker/sdk_worker.py", line 656, in do_instruction
    return getattr(self, request_type)(
  File "/usr/local/lib/python3.8/site-packages/apache_beam/runners/worker/sdk_worker.py", line 687, in process_bundle
    bundle_processor = self.bundle_processor_cache.get(
  File "/usr/local/lib/python3.8/site-packages/apache_beam/runners/worker/sdk_worker.py", line 510, in get
    processor = bundle_processor.BundleProcessor(
  File "/usr/local/lib/python3.8/site-packages/apache_beam/runners/worker/bundle_processor.py", line 974, in __init__
    self.ops = self.create_execution_tree(self.process_bundle_descriptor)
  File "/usr/local/lib/python3.8/site-packages/apache_beam/runners/worker/bundle_processor.py", line 1036, in create_execution_tree
    return collections.OrderedDict([(
  File "/usr/local/lib/python3.8/site-packages/apache_beam/runners/worker/bundle_processor.py", line 1039, in <listcomp>
    get_operation(transform_id))) for transform_id in sorted(
  File "/usr/local/lib/python3.8/site-packages/apache_beam/runners/worker/bundle_processor.py", line 875, in wrapper
    result = cache[args] = func(*args)
  File "/usr/local/lib/python3.8/site-packages/apache_beam/runners/worker/bundle_processor.py", line 1012, in get_operation
    transform_consumers = {
  File "/usr/local/lib/python3.8/site-packages/apache_beam/runners/worker/bundle_processor.py", line 1013, in <dictcomp>
    tag: [get_operation(op) for op in pcoll_consumers[pcoll_id]]
  File "/usr/local/lib/python3.8/site-packages/apache_beam/runners/worker/bundle_processor.py", line 1013, in <listcomp>
    tag: [get_operation(op) for op in pcoll_consumers[pcoll_id]]
  File "/usr/local/lib/python3.8/site-packages/apache_beam/runners/worker/bundle_processor.py", line 875, in wrapper
    result = cache[args] = func(*args)
  File "/usr/local/lib/python3.8/site-packages/apache_beam/runners/worker/bundle_processor.py", line 1012, in get_operation
    transform_consumers = {
  File "/usr/local/lib/python3.8/site-packages/apache_beam/runners/worker/bundle_processor.py", line 1013, in <dictcomp>
    tag: [get_operation(op) for op in pcoll_consumers[pcoll_id]]
  File "/usr/local/lib/python3.8/site-packages/apache_beam/runners/worker/bundle_processor.py", line 1013, in <listcomp>
    tag: [get_operation(op) for op in pcoll_consumers[pcoll_id]]
  File "/usr/local/lib/python3.8/site-packages/apache_beam/runners/worker/bundle_processor.py", line 875, in wrapper
    result = cache[args] = func(*args)
  File "/usr/local/lib/python3.8/site-packages/apache_beam/runners/worker/bundle_processor.py", line 1023, in get_operation
    return transform_factory.create_operation(
  File "/usr/local/lib/python3.8/site-packages/apache_beam/runners/worker/bundle_processor.py", line 1337, in create_operation
    return creator(self, transform_id, transform_proto, payload, consumers)
  File "/usr/local/lib/python3.8/site-packages/apache_beam/runners/worker/bundle_processor.py", line 1684, in create_par_do
    return _create_pardo_operation(
  File "/usr/local/lib/python3.8/site-packages/apache_beam/runners/worker/bundle_processor.py", line 1730, in _create_pardo_operation
    dofn_data = pickler.loads(serialized_fn)
  File "/usr/local/lib/python3.8/site-packages/apache_beam/internal/pickler.py", line 51, in loads
    return desired_pickle_lib.loads(
  File "/usr/local/lib/python3.8/site-packages/apache_beam/internal/dill_pickler.py", line 422, in loads
    return dill.loads(s)
  File "/usr/local/lib/python3.8/site-packages/dill/_dill.py", line 275, in loads
    return load(file, ignore, **kwds)
  File "/usr/local/lib/python3.8/site-packages/dill/_dill.py", line 270, in load
    return Unpickler(file, ignore=ignore, **kwds).load()
  File "/usr/local/lib/python3.8/site-packages/dill/_dill.py", line 472, in load
    obj = StockUnpickler.load(self)
  File "/usr/local/lib/python3.8/site-packages/dill/_dill.py", line 826, in _import_module
    return __import__(import_name)
ModuleNotFoundError: No module named 'unusual_prefix_33f4403fa5edfbde6998efbeee7b04d54a7f7740_fact_order'

[2024-07-23T03:59:19.170+0000] {dataflow_runner.py:203} INFO - 2024-07-23T03:59:18.471Z: JOB_MESSAGE_BASIC: Finished operation RemoveDuplicates/GroupByKey/Read+RemoveDuplicates/RemoveDuplicates+ExtractDateString+WriteToBigQuery/WriteToBigQuery/BigQueryBatchFileLoads/RewindowIntoGlobal+FindMaxDateString/KeyWithVoid+FindMaxDateString/CombinePerKey/GroupByKey+FindMaxDateString/CombinePerKey/Combine/Partial+FindMaxDateString/CombinePerKey/GroupByKey/Write+WriteToBigQuery/WriteToBigQuery/BigQueryBatchFileLoads/AppendDestination+WriteToBigQuery/WriteToBigQuery/BigQueryBatchFileLoads/ParDo(WriteRecordsToFile)/ParDo(WriteRecordsToFile)+WriteToBigQuery/WriteToBigQuery/BigQueryBatchFileLoads/IdentityWorkaround+WriteToBigQuery/WriteToBigQuery/BigQueryBatchFileLoads/GroupFilesByTableDestinations/Write+WriteToBigQuery/WriteToBigQuery/BigQueryBatchFileLoads/ParDo(_ShardDestinations)+WriteToBigQuery/WriteToBigQuery/BigQueryBatchFileLoads/GroupShardedRows/Write
[2024-07-23T03:59:19.171+0000] {dataflow_runner.py:207} ERROR - 2024-07-23T03:59:18.528Z: JOB_MESSAGE_ERROR: Workflow failed. Causes: S15:RemoveDuplicates/GroupByKey/Read+RemoveDuplicates/RemoveDuplicates+ExtractDateString+WriteToBigQuery/WriteToBigQuery/BigQueryBatchFileLoads/RewindowIntoGlobal+FindMaxDateString/KeyWithVoid+FindMaxDateString/CombinePerKey/GroupByKey+FindMaxDateString/CombinePerKey/Combine/Partial+FindMaxDateString/CombinePerKey/GroupByKey/Write+WriteToBigQuery/WriteToBigQuery/BigQueryBatchFileLoads/AppendDestination+WriteToBigQuery/WriteToBigQuery/BigQueryBatchFileLoads/ParDo(WriteRecordsToFile)/ParDo(WriteRecordsToFile)+WriteToBigQuery/WriteToBigQuery/BigQueryBatchFileLoads/IdentityWorkaround+WriteToBigQuery/WriteToBigQuery/BigQueryBatchFileLoads/GroupFilesByTableDestinations/Write+WriteToBigQuery/WriteToBigQuery/BigQueryBatchFileLoads/ParDo(_ShardDestinations)+WriteToBigQuery/WriteToBigQuery/BigQueryBatchFileLoads/GroupShardedRows/Write failed., The job failed because a work item has failed 4 times. Look in previous log entries for the cause of each one of the 4 failures. If the logs only contain generic timeout errors related to accessing external resources, such as MongoDB, verify that the worker service account has permission to access the resource's subnetwork. For more information, see https://cloud.google.com/dataflow/docs/guides/common-errors. The work item was attempted on these workers: 

      Root cause: Traceback (most recent call last):
  File "/usr/local/lib/python3.8/site-packages/apache_beam/internal/dill_pickler.py", line 418, in loads
    return dill.loads(s)
  File "/usr/local/lib/python3.8/site-packages/dill/_dill.py", line 275, in loads
    return load(file, ignore, **kwds)
  File "/usr/local/lib/python3.8/site-packages/dill/_dill.py", line 270, in load
    return Unpickler(file, ignore=ignore, **kwds).load()
  File "/usr/local/lib/python3.8/site-packages/dill/_dill.py", line 472, in load
    obj = StockUnpickler.load(self)
  File "/usr/local/lib/python3.8/site-packages/dill/_dill.py", line 826, in _import_module
    return __import__(import_name)
ModuleNotFoundError: No module named 'unusual_prefix_33f4403fa5edfbde6998efbeee7b04d54a7f7740_fact_order'

During handling of the above exception, another exception occurred:

Traceback (most recent call last):
  File "/usr/local/lib/python3.8/site-packages/apache_beam/runners/worker/sdk_worker.py", line 311, in _execute
    response = task()
  File "/usr/local/lib/python3.8/site-packages/apache_beam/runners/worker/sdk_worker.py", line 386, in <lambda>
    lambda: self.create_worker().do_instruction(request), request)
  File "/usr/local/lib/python3.8/site-packages/apache_beam/runners/worker/sdk_worker.py", line 656, in do_instruction
    return getattr(self, request_type)(
  File "/usr/local/lib/python3.8/site-packages/apache_beam/runners/worker/sdk_worker.py", line 687, in process_bundle
    bundle_processor = self.bundle_processor_cache.get(
  File "/usr/local/lib/python3.8/site-packages/apache_beam/runners/worker/sdk_worker.py", line 510, in get
    processor = bundle_processor.BundleProcessor(
  File "/usr/local/lib/python3.8/site-packages/apache_beam/runners/worker/bundle_processor.py", line 974, in __init__
    self.ops = self.create_execution_tree(self.process_bundle_descriptor)
  File "/usr/local/lib/python3.8/site-packages/apache_beam/runners/worker/bundle_processor.py", line 1036, in create_execution_tree
    return collections.OrderedDict([(
  File "/usr/local/lib/python3.8/site-packages/apache_beam/runners/worker/bundle_processor.py", line 1039, in <listcomp>
    get_operation(transform_id))) for transform_id in sorted(
  File "/usr/local/lib/python3.8/site-packages/apache_beam/runners/worker/bundle_processor.py", line 875, in wrapper
    result = cache[args] = func(*args)
  File "/usr/local/lib/python3.8/site-packages/apache_beam/runners/worker/bundle_processor.py", line 1012, in get_operation
    transform_consumers = {
  File "/usr/local/lib/python3.8/site-packages/apache_beam/runners/worker/bundle_processor.py", line 1013, in <dictcomp>
    tag: [get_operation(op) for op in pcoll_consumers[pcoll_id]]
  File "/usr/local/lib/python3.8/site-packages/apache_beam/runners/worker/bundle_processor.py", line 1013, in <listcomp>
    tag: [get_operation(op) for op in pcoll_consumers[pcoll_id]]
  File "/usr/local/lib/python3.8/site-packages/apache_beam/runners/worker/bundle_processor.py", line 875, in wrapper
    result = cache[args] = func(*args)
  File "/usr/local/lib/python3.8/site-packages/apache_beam/runners/worker/bundle_processor.py", line 1012, in get_operation
    transform_consumers = {
  File "/usr/local/lib/python3.8/site-packages/apache_beam/runners/worker/bundle_processor.py", line 1013, in <dictcomp>
    tag: [get_operation(op) for op in pcoll_consumers[pcoll_id]]
  File "/usr/local/lib/python3.8/site-packages/apache_beam/runners/worker/bundle_processor.py", line 1013, in <listcomp>
    tag: [get_operation(op) for op in pcoll_consumers[pcoll_id]]
  File "/usr/local/lib/python3.8/site-packages/apache_beam/runners/worker/bundle_processor.py", line 875, in wrapper
    result = cache[args] = func(*args)
  File "/usr/local/lib/python3.8/site-packages/apache_beam/runners/worker/bundle_processor.py", line 1023, in get_operation
    return transform_factory.create_operation(
  File "/usr/local/lib/python3.8/site-packages/apache_beam/runners/worker/bundle_processor.py", line 1337, in create_operation
    return creator(self, transform_id, transform_proto, payload, consumers)
  File "/usr/local/lib/python3.8/site-packages/apache_beam/runners/worker/bundle_processor.py", line 1684, in create_par_do
    return _create_pardo_operation(
  File "/usr/local/lib/python3.8/site-packages/apache_beam/runners/worker/bundle_processor.py", line 1730, in _create_pardo_operation
    dofn_data = pickler.loads(serialized_fn)
  File "/usr/local/lib/python3.8/site-packages/apache_beam/internal/pickler.py", line 51, in loads
    return desired_pickle_lib.loads(
  File "/usr/local/lib/python3.8/site-packages/apache_beam/internal/dill_pickler.py", line 422, in loads
    return dill.loads(s)
  File "/usr/local/lib/python3.8/site-packages/dill/_dill.py", line 275, in loads
    return load(file, ignore, **kwds)
  File "/usr/local/lib/python3.8/site-packages/dill/_dill.py", line 270, in load
    return Unpickler(file, ignore=ignore, **kwds).load()
  File "/usr/local/lib/python3.8/site-packages/dill/_dill.py", line 472, in load
    obj = StockUnpickler.load(self)
  File "/usr/local/lib/python3.8/site-packages/dill/_dill.py", line 826, in _import_module
    return __import__(import_name)
ModuleNotFoundError: No module named 'unusual_prefix_33f4403fa5edfbde6998efbeee7b04d54a7f7740_fact_order'

      Worker ID: fact-order-bigquery-etl-07222055-zglv-harness-mzhh,

      Root cause: Traceback (most recent call last):
  File "/usr/local/lib/python3.8/site-packages/apache_beam/internal/dill_pickler.py", line 418, in loads
    return dill.loads(s)
  File "/usr/local/lib/python3.8/site-packages/dill/_dill.py", line 275, in loads
    return load(file, ignore, **kwds)
  File "/usr/local/lib/python3.8/site-packages/dill/_dill.py", line 270, in load
    return Unpickler(file, ignore=ignore, **kwds).load()
  File "/usr/local/lib/python3.8/site-packages/dill/_dill.py", line 472, in load
    obj = StockUnpickler.load(self)
  File "/usr/local/lib/python3.8/site-packages/dill/_dill.py", line 826, in _import_module
    return __import__(import_name)
ModuleNotFoundError: No module named 'unusual_prefix_33f4403fa5edfbde6998efbeee7b04d54a7f7740_fact_order'

During handling of the above exception, another exception occurred:

Traceback (most recent call last):
  File "/usr/local/lib/python3.8/site-packages/apache_beam/runners/worker/sdk_worker.py", line 311, in _execute
    response = task()
  File "/usr/local/lib/python3.8/site-packages/apache_beam/runners/worker/sdk_worker.py", line 386, in <lambda>
    lambda: self.create_worker().do_instruction(request), request)
  File "/usr/local/lib/python3.8/site-packages/apache_beam/runners/worker/sdk_worker.py", line 656, in do_instruction
    return getattr(self, request_type)(
  File "/usr/local/lib/python3.8/site-packages/apache_beam/runners/worker/sdk_worker.py", line 687, in process_bundle
    bundle_processor = self.bundle_processor_cache.get(
  File "/usr/local/lib/python3.8/site-packages/apache_beam/runners/worker/sdk_worker.py", line 510, in get
    processor = bundle_processor.BundleProcessor(
  File "/usr/local/lib/python3.8/site-packages/apache_beam/runners/worker/bundle_processor.py", line 974, in __init__
    self.ops = self.create_execution_tree(self.process_bundle_descriptor)
  File "/usr/local/lib/python3.8/site-packages/apache_beam/runners/worker/bundle_processor.py", line 1036, in create_execution_tree
    return collections.OrderedDict([(
  File "/usr/local/lib/python3.8/site-packages/apache_beam/runners/worker/bundle_processor.py", line 1039, in <listcomp>
    get_operation(transform_id))) for transform_id in sorted(
  File "/usr/local/lib/python3.8/site-packages/apache_beam/runners/worker/bundle_processor.py", line 875, in wrapper
    result = cache[args] = func(*args)
  File "/usr/local/lib/python3.8/site-packages/apache_beam/runners/worker/bundle_processor.py", line 1012, in get_operation
    transform_consumers = {
  File "/usr/local/lib/python3.8/site-packages/apache_beam/runners/worker/bundle_processor.py", line 1013, in <dictcomp>
    tag: [get_operation(op) for op in pcoll_consumers[pcoll_id]]
  File "/usr/local/lib/python3.8/site-packages/apache_beam/runners/worker/bundle_processor.py", line 1013, in <listcomp>
    tag: [get_operation(op) for op in pcoll_consumers[pcoll_id]]
  File "/usr/local/lib/python3.8/site-packages/apache_beam/runners/worker/bundle_processor.py", line 875, in wrapper
    result = cache[args] = func(*args)
  File "/usr/local/lib/python3.8/site-packages/apache_beam/runners/worker/bundle_processor.py", line 1012, in get_operation
    transform_consumers = {
  File "/usr/local/lib/python3.8/site-packages/apache_beam/runners/worker/bundle_processor.py", line 1013, in <dictcomp>
    tag: [get_operation(op) for op in pcoll_consumers[pcoll_id]]
  File "/usr/local/lib/python3.8/site-packages/apache_beam/runners/worker/bundle_processor.py", line 1013, in <listcomp>
    tag: [get_operation(op) for op in pcoll_consumers[pcoll_id]]
  File "/usr/local/lib/python3.8/site-packages/apache_beam/runners/worker/bundle_processor.py", line 875, in wrapper
    result = cache[args] = func(*args)
  File "/usr/local/lib/python3.8/site-packages/apache_beam/runners/worker/bundle_processor.py", line 1023, in get_operation
    return transform_factory.create_operation(
  File "/usr/local/lib/python3.8/site-packages/apache_beam/runners/worker/bundle_processor.py", line 1337, in create_operation
    return creator(self, transform_id, transform_proto, payload, consumers)
  File "/usr/local/lib/python3.8/site-packages/apache_beam/runners/worker/bundle_processor.py", line 1684, in create_par_do
    return _create_pardo_operation(
  File "/usr/local/lib/python3.8/site-packages/apache_beam/runners/worker/bundle_processor.py", line 1730, in _create_pardo_operation
    dofn_data = pickler.loads(serialized_fn)
  File "/usr/local/lib/python3.8/site-packages/apache_beam/internal/pickler.py", line 51, in loads
    return desired_pickle_lib.loads(
  File "/usr/local/lib/python3.8/site-packages/apache_beam/internal/dill_pickler.py", line 422, in loads
    return dill.loads(s)
  File "/usr/local/lib/python3.8/site-packages/dill/_dill.py", line 275, in loads
    return load(file, ignore, **kwds)
  File "/usr/local/lib/python3.8/site-packages/dill/_dill.py", line 270, in load
    return Unpickler(file, ignore=ignore, **kwds).load()
  File "/usr/local/lib/python3.8/site-packages/dill/_dill.py", line 472, in load
    obj = StockUnpickler.load(self)
  File "/usr/local/lib/python3.8/site-packages/dill/_dill.py", line 826, in _import_module
    return __import__(import_name)
ModuleNotFoundError: No module named 'unusual_prefix_33f4403fa5edfbde6998efbeee7b04d54a7f7740_fact_order'

      Worker ID: fact-order-bigquery-etl-07222055-zglv-harness-mzhh,

      Root cause: Traceback (most recent call last):
  File "/usr/local/lib/python3.8/site-packages/apache_beam/internal/dill_pickler.py", line 418, in loads
    return dill.loads(s)
  File "/usr/local/lib/python3.8/site-packages/dill/_dill.py", line 275, in loads
    return load(file, ignore, **kwds)
  File "/usr/local/lib/python3.8/site-packages/dill/_dill.py", line 270, in load
    return Unpickler(file, ignore=ignore, **kwds).load()
  File "/usr/local/lib/python3.8/site-packages/dill/_dill.py", line 472, in load
    obj = StockUnpickler.load(self)
  File "/usr/local/lib/python3.8/site-packages/dill/_dill.py", line 826, in _import_module
    return __import__(import_name)
ModuleNotFoundError: No module named 'unusual_prefix_33f4403fa5edfbde6998efbeee7b04d54a7f7740_fact_order'

During handling of the above exception, another exception occurred:

Traceback (most recent call last):
  File "/usr/local/lib/python3.8/site-packages/apache_beam/runners/worker/sdk_worker.py", line 311, in _execute
    response = task()
  File "/usr/local/lib/python3.8/site-packages/apache_beam/runners/worker/sdk_worker.py", line 386, in <lambda>
    lambda: self.create_worker().do_instruction(request), request)
  File "/usr/local/lib/python3.8/site-packages/apache_beam/runners/worker/sdk_worker.py", line 656, in do_instruction
    return getattr(self, request_type)(
  File "/usr/local/lib/python3.8/site-packages/apache_beam/runners/worker/sdk_worker.py", line 687, in process_bundle
    bundle_processor = self.bundle_processor_cache.get(
  File "/usr/local/lib/python3.8/site-packages/apache_beam/runners/worker/sdk_worker.py", line 510, in get
    processor = bundle_processor.BundleProcessor(
  File "/usr/local/lib/python3.8/site-packages/apache_beam/runners/worker/bundle_processor.py", line 974, in __init__
    self.ops = self.create_execution_tree(self.process_bundle_descriptor)
  File "/usr/local/lib/python3.8/site-packages/apache_beam/runners/worker/bundle_processor.py", line 1036, in create_execution_tree
    return collections.OrderedDict([(
  File "/usr/local/lib/python3.8/site-packages/apache_beam/runners/worker/bundle_processor.py", line 1039, in <listcomp>
    get_operation(transform_id))) for transform_id in sorted(
  File "/usr/local/lib/python3.8/site-packages/apache_beam/runners/worker/bundle_processor.py", line 875, in wrapper
    result = cache[args] = func(*args)
  File "/usr/local/lib/python3.8/site-packages/apache_beam/runners/worker/bundle_processor.py", line 1012, in get_operation
    transform_consumers = {
  File "/usr/local/lib/python3.8/site-packages/apache_beam/runners/worker/bundle_processor.py", line 1013, in <dictcomp>
    tag: [get_operation(op) for op in pcoll_consumers[pcoll_id]]
  File "/usr/local/lib/python3.8/site-packages/apache_beam/runners/worker/bundle_processor.py", line 1013, in <listcomp>
    tag: [get_operation(op) for op in pcoll_consumers[pcoll_id]]
  File "/usr/local/lib/python3.8/site-packages/apache_beam/runners/worker/bundle_processor.py", line 875, in wrapper
    result = cache[args] = func(*args)
  File "/usr/local/lib/python3.8/site-packages/apache_beam/runners/worker/bundle_processor.py", line 1012, in get_operation
    transform_consumers = {
  File "/usr/local/lib/python3.8/site-packages/apache_beam/runners/worker/bundle_processor.py", line 1013, in <dictcomp>
    tag: [get_operation(op) for op in pcoll_consumers[pcoll_id]]
  File "/usr/local/lib/python3.8/site-packages/apache_beam/runners/worker/bundle_processor.py", line 1013, in <listcomp>
    tag: [get_operation(op) for op in pcoll_consumers[pcoll_id]]
  File "/usr/local/lib/python3.8/site-packages/apache_beam/runners/worker/bundle_processor.py", line 875, in wrapper
    result = cache[args] = func(*args)
  File "/usr/local/lib/python3.8/site-packages/apache_beam/runners/worker/bundle_processor.py", line 1023, in get_operation
    return transform_factory.create_operation(
  File "/usr/local/lib/python3.8/site-packages/apache_beam/runners/worker/bundle_processor.py", line 1337, in create_operation
    return creator(self, transform_id, transform_proto, payload, consumers)
  File "/usr/local/lib/python3.8/site-packages/apache_beam/runners/worker/bundle_processor.py", line 1684, in create_par_do
    return _create_pardo_operation(
  File "/usr/local/lib/python3.8/site-packages/apache_beam/runners/worker/bundle_processor.py", line 1730, in _create_pardo_operation
    dofn_data = pickler.loads(serialized_fn)
  File "/usr/local/lib/python3.8/site-packages/apache_beam/internal/pickler.py", line 51, in loads
    return desired_pickle_lib.loads(
  File "/usr/local/lib/python3.8/site-packages/apache_beam/internal/dill_pickler.py", line 422, in loads
    return dill.loads(s)
  File "/usr/local/lib/python3.8/site-packages/dill/_dill.py", line 275, in loads
    return load(file, ignore, **kwds)
  File "/usr/local/lib/python3.8/site-packages/dill/_dill.py", line 270, in load
    return Unpickler(file, ignore=ignore, **kwds).load()
  File "/usr/local/lib/python3.8/site-packages/dill/_dill.py", line 472, in load
    obj = StockUnpickler.load(self)
  File "/usr/local/lib/python3.8/site-packages/dill/_dill.py", line 826, in _import_module
    return __import__(import_name)
ModuleNotFoundError: No module named 'unusual_prefix_33f4403fa5edfbde6998efbeee7b04d54a7f7740_fact_order'

      Worker ID: fact-order-bigquery-etl-07222055-zglv-harness-mzhh,

      Root cause: Traceback (most recent call last):
  File "/usr/local/lib/python3.8/site-packages/apache_beam/internal/dill_pickler.py", line 418, in loads
    return dill.loads(s)
  File "/usr/local/lib/python3.8/site-packages/dill/_dill.py", line 275, in loads
    return load(file, ignore, **kwds)
  File "/usr/local/lib/python3.8/site-packages/dill/_dill.py", line 270, in load
    return Unpickler(file, ignore=ignore, **kwds).load()
  File "/usr/local/lib/python3.8/site-packages/dill/_dill.py", line 472, in load
    obj = StockUnpickler.load(self)
  File "/usr/local/lib/python3.8/site-packages/dill/_dill.py", line 826, in _import_module
    return __import__(import_name)
ModuleNotFoundError: No module named 'unusual_prefix_33f4403fa5edfbde6998efbeee7b04d54a7f7740_fact_order'

During handling of the above exception, another exception occurred:

Traceback (most recent call last):
  File "/usr/local/lib/python3.8/site-packages/apache_beam/runners/worker/sdk_worker.py", line 311, in _execute
    response = task()
  File "/usr/local/lib/python3.8/site-packages/apache_beam/runners/worker/sdk_worker.py", line 386, in <lambda>
    lambda: self.create_worker().do_instruction(request), request)
  File "/usr/local/lib/python3.8/site-packages/apache_beam/runners/worker/sdk_worker.py", line 656, in do_instruction
    return getattr(self, request_type)(
  File "/usr/local/lib/python3.8/site-packages/apache_beam/runners/worker/sdk_worker.py", line 687, in process_bundle
    bundle_processor = self.bundle_processor_cache.get(
  File "/usr/local/lib/python3.8/site-packages/apache_beam/runners/worker/sdk_worker.py", line 510, in get
    processor = bundle_processor.BundleProcessor(
  File "/usr/local/lib/python3.8/site-packages/apache_beam/runners/worker/bundle_processor.py", line 974, in __init__
    self.ops = self.create_execution_tree(self.process_bundle_descriptor)
  File "/usr/local/lib/python3.8/site-packages/apache_beam/runners/worker/bundle_processor.py", line 1036, in create_execution_tree
    return collections.OrderedDict([(
  File "/usr/local/lib/python3.8/site-packages/apache_beam/runners/worker/bundle_processor.py", line 1039, in <listcomp>
    get_operation(transform_id))) for transform_id in sorted(
  File "/usr/local/lib/python3.8/site-packages/apache_beam/runners/worker/bundle_processor.py", line 875, in wrapper
    result = cache[args] = func(*args)
  File "/usr/local/lib/python3.8/site-packages/apache_beam/runners/worker/bundle_processor.py", line 1012, in get_operation
    transform_consumers = {
  File "/usr/local/lib/python3.8/site-packages/apache_beam/runners/worker/bundle_processor.py", line 1013, in <dictcomp>
    tag: [get_operation(op) for op in pcoll_consumers[pcoll_id]]
  File "/usr/local/lib/python3.8/site-packages/apache_beam/runners/worker/bundle_processor.py", line 1013, in <listcomp>
    tag: [get_operation(op) for op in pcoll_consumers[pcoll_id]]
  File "/usr/local/lib/python3.8/site-packages/apache_beam/runners/worker/bundle_processor.py", line 875, in wrapper
    result = cache[args] = func(*args)
  File "/usr/local/lib/python3.8/site-packages/apache_beam/runners/worker/bundle_processor.py", line 1012, in get_operation
    transform_consumers = {
  File "/usr/local/lib/python3.8/site-packages/apache_beam/runners/worker/bundle_processor.py", line 1013, in <dictcomp>
    tag: [get_operation(op) for op in pcoll_consumers[pcoll_id]]
  File "/usr/local/lib/python3.8/site-packages/apache_beam/runners/worker/bundle_processor.py", line 1013, in <listcomp>
    tag: [get_operation(op) for op in pcoll_consumers[pcoll_id]]
  File "/usr/local/lib/python3.8/site-packages/apache_beam/runners/worker/bundle_processor.py", line 875, in wrapper
    result = cache[args] = func(*args)
  File "/usr/local/lib/python3.8/site-packages/apache_beam/runners/worker/bundle_processor.py", line 1023, in get_operation
    return transform_factory.create_operation(
  File "/usr/local/lib/python3.8/site-packages/apache_beam/runners/worker/bundle_processor.py", line 1337, in create_operation
    return creator(self, transform_id, transform_proto, payload, consumers)
  File "/usr/local/lib/python3.8/site-packages/apache_beam/runners/worker/bundle_processor.py", line 1684, in create_par_do
    return _create_pardo_operation(
  File "/usr/local/lib/python3.8/site-packages/apache_beam/runners/worker/bundle_processor.py", line 1730, in _create_pardo_operation
    dofn_data = pickler.loads(serialized_fn)
  File "/usr/local/lib/python3.8/site-packages/apache_beam/internal/pickler.py", line 51, in loads
    return desired_pickle_lib.loads(
  File "/usr/local/lib/python3.8/site-packages/apache_beam/internal/dill_pickler.py", line 422, in loads
    return dill.loads(s)
  File "/usr/local/lib/python3.8/site-packages/dill/_dill.py", line 275, in loads
    return load(file, ignore, **kwds)
  File "/usr/local/lib/python3.8/site-packages/dill/_dill.py", line 270, in load
    return Unpickler(file, ignore=ignore, **kwds).load()
  File "/usr/local/lib/python3.8/site-packages/dill/_dill.py", line 472, in load
    obj = StockUnpickler.load(self)
  File "/usr/local/lib/python3.8/site-packages/dill/_dill.py", line 826, in _import_module
    return __import__(import_name)
ModuleNotFoundError: No module named 'unusual_prefix_33f4403fa5edfbde6998efbeee7b04d54a7f7740_fact_order'

      Worker ID: fact-order-bigquery-etl-07222055-zglv-harness-mzhh
[2024-07-23T03:59:19.174+0000] {dataflow_runner.py:203} INFO - 2024-07-23T03:59:18.880Z: JOB_MESSAGE_BASIC: Stopping worker pool...
[2024-07-23T04:00:06.803+0000] {dataflow_runner.py:203} INFO - 2024-07-23T04:00:04.029Z: JOB_MESSAGE_BASIC: Worker pool stopped.
[2024-07-23T04:00:38.789+0000] {dataflow_runner.py:153} INFO - Job 2024-07-22_20_55_08-11107970531096953993 is in state JOB_STATE_FAILED
[2024-07-23T04:00:42.778+0000] {dataflow_runner.py:806} ERROR - Console URL: https://console.cloud.google.com/dataflow/jobs/<RegionId>/2024-07-22_20_55_08-11107970531096953993?project=<ProjectId>
[2024-07-23T04:00:42.992+0000] {taskinstance.py:2698} ERROR - Task failed with exception
Traceback (most recent call last):
  File "/home/airflow/.local/lib/python3.8/site-packages/airflow/models/taskinstance.py", line 433, in _execute_task
    result = execute_callable(context=context, **execute_callable_kwargs)
  File "/home/airflow/.local/lib/python3.8/site-packages/airflow/decorators/base.py", line 241, in execute
    return_value = super().execute(context)
  File "/home/airflow/.local/lib/python3.8/site-packages/airflow/operators/python.py", line 199, in execute
    return_value = self.execute_callable()
  File "/home/airflow/.local/lib/python3.8/site-packages/airflow/operators/python.py", line 216, in execute_callable
    return self.python_callable(*self.op_args, **self.op_kwargs)
  File "/opt/airflow/dags/fact_order.py", line 97, in transform_and_load_task
    result.wait_until_finish()
  File "/home/airflow/.local/lib/python3.8/site-packages/apache_beam/runners/dataflow/dataflow_runner.py", line 807, in wait_until_finish
    raise DataflowRuntimeException(
apache_beam.runners.dataflow.dataflow_runner.DataflowRuntimeException: Dataflow pipeline failed. State: FAILED, Error:
Traceback (most recent call last):
  File "/usr/local/lib/python3.8/site-packages/apache_beam/internal/dill_pickler.py", line 418, in loads
    return dill.loads(s)
  File "/usr/local/lib/python3.8/site-packages/dill/_dill.py", line 275, in loads
    return load(file, ignore, **kwds)
  File "/usr/local/lib/python3.8/site-packages/dill/_dill.py", line 270, in load
    return Unpickler(file, ignore=ignore, **kwds).load()
  File "/usr/local/lib/python3.8/site-packages/dill/_dill.py", line 472, in load
    obj = StockUnpickler.load(self)
  File "/usr/local/lib/python3.8/site-packages/dill/_dill.py", line 826, in _import_module
    return __import__(import_name)
ModuleNotFoundError: No module named 'unusual_prefix_33f4403fa5edfbde6998efbeee7b04d54a7f7740_fact_order'

During handling of the above exception, another exception occurred:

Traceback (most recent call last):
  File "/usr/local/lib/python3.8/site-packages/apache_beam/runners/worker/sdk_worker.py", line 311, in _execute
    response = task()
  File "/usr/local/lib/python3.8/site-packages/apache_beam/runners/worker/sdk_worker.py", line 386, in <lambda>
    lambda: self.create_worker().do_instruction(request), request)
  File "/usr/local/lib/python3.8/site-packages/apache_beam/runners/worker/sdk_worker.py", line 656, in do_instruction
    return getattr(self, request_type)(
  File "/usr/local/lib/python3.8/site-packages/apache_beam/runners/worker/sdk_worker.py", line 687, in process_bundle
    bundle_processor = self.bundle_processor_cache.get(
  File "/usr/local/lib/python3.8/site-packages/apache_beam/runners/worker/sdk_worker.py", line 510, in get
    processor = bundle_processor.BundleProcessor(
  File "/usr/local/lib/python3.8/site-packages/apache_beam/runners/worker/bundle_processor.py", line 974, in __init__
    self.ops = self.create_execution_tree(self.process_bundle_descriptor)
  File "/usr/local/lib/python3.8/site-packages/apache_beam/runners/worker/bundle_processor.py", line 1036, in create_execution_tree
    return collections.OrderedDict([(
  File "/usr/local/lib/python3.8/site-packages/apache_beam/runners/worker/bundle_processor.py", line 1039, in <listcomp>
    get_operation(transform_id))) for transform_id in sorted(
  File "/usr/local/lib/python3.8/site-packages/apache_beam/runners/worker/bundle_processor.py", line 875, in wrapper
    result = cache[args] = func(*args)
  File "/usr/local/lib/python3.8/site-packages/apache_beam/runners/worker/bundle_processor.py", line 1012, in get_operation
    transform_consumers = {
  File "/usr/local/lib/python3.8/site-packages/apache_beam/runners/worker/bundle_processor.py", line 1013, in <dictcomp>
    tag: [get_operation(op) for op in pcoll_consumers[pcoll_id]]
  File "/usr/local/lib/python3.8/site-packages/apache_beam/runners/worker/bundle_processor.py", line 1013, in <listcomp>
    tag: [get_operation(op) for op in pcoll_consumers[pcoll_id]]
  File "/usr/local/lib/python3.8/site-packages/apache_beam/runners/worker/bundle_processor.py", line 875, in wrapper
    result = cache[args] = func(*args)
  File "/usr/local/lib/python3.8/site-packages/apache_beam/runners/worker/bundle_processor.py", line 1012, in get_operation
    transform_consumers = {
  File "/usr/local/lib/python3.8/site-packages/apache_beam/runners/worker/bundle_processor.py", line 1013, in <dictcomp>
    tag: [get_operation(op) for op in pcoll_consumers[pcoll_id]]
  File "/usr/local/lib/python3.8/site-packages/apache_beam/runners/worker/bundle_processor.py", line 1013, in <listcomp>
    tag: [get_operation(op) for op in pcoll_consumers[pcoll_id]]
  File "/usr/local/lib/python3.8/site-packages/apache_beam/runners/worker/bundle_processor.py", line 875, in wrapper
    result = cache[args] = func(*args)
  File "/usr/local/lib/python3.8/site-packages/apache_beam/runners/worker/bundle_processor.py", line 1023, in get_operation
    return transform_factory.create_operation(
  File "/usr/local/lib/python3.8/site-packages/apache_beam/runners/worker/bundle_processor.py", line 1337, in create_operation
    return creator(self, transform_id, transform_proto, payload, consumers)
  File "/usr/local/lib/python3.8/site-packages/apache_beam/runners/worker/bundle_processor.py", line 1684, in create_par_do
    return _create_pardo_operation(
  File "/usr/local/lib/python3.8/site-packages/apache_beam/runners/worker/bundle_processor.py", line 1730, in _create_pardo_operation
    dofn_data = pickler.loads(serialized_fn)
  File "/usr/local/lib/python3.8/site-packages/apache_beam/internal/pickler.py", line 51, in loads
    return desired_pickle_lib.loads(
  File "/usr/local/lib/python3.8/site-packages/apache_beam/internal/dill_pickler.py", line 422, in loads
    return dill.loads(s)
  File "/usr/local/lib/python3.8/site-packages/dill/_dill.py", line 275, in loads
    return load(file, ignore, **kwds)
  File "/usr/local/lib/python3.8/site-packages/dill/_dill.py", line 270, in load
    return Unpickler(file, ignore=ignore, **kwds).load()
  File "/usr/local/lib/python3.8/site-packages/dill/_dill.py", line 472, in load
    obj = StockUnpickler.load(self)
  File "/usr/local/lib/python3.8/site-packages/dill/_dill.py", line 826, in _import_module
    return __import__(import_name)
ModuleNotFoundError: No module named 'unusual_prefix_33f4403fa5edfbde6998efbeee7b04d54a7f7740_fact_order'

[2024-07-23T04:00:43.355+0000] {taskinstance.py:1138} INFO - Marking task as FAILED. dag_id=fact_order_etl_daily, task_id=transform_and_load_task, execution_date=20240722T000000, start_date=20240723T035447, end_date=20240723T040043
[2024-07-23T04:00:43.613+0000] {standard_task_runner.py:107} ERROR - Failed to execute job 289 for task transform_and_load_task (Dataflow pipeline failed. State: FAILED, Error:
Traceback (most recent call last):
  File "/usr/local/lib/python3.8/site-packages/apache_beam/internal/dill_pickler.py", line 418, in loads
    return dill.loads(s)
  File "/usr/local/lib/python3.8/site-packages/dill/_dill.py", line 275, in loads
    return load(file, ignore, **kwds)
  File "/usr/local/lib/python3.8/site-packages/dill/_dill.py", line 270, in load
    return Unpickler(file, ignore=ignore, **kwds).load()
  File "/usr/local/lib/python3.8/site-packages/dill/_dill.py", line 472, in load
    obj = StockUnpickler.load(self)
  File "/usr/local/lib/python3.8/site-packages/dill/_dill.py", line 826, in _import_module
    return __import__(import_name)
ModuleNotFoundError: No module named 'unusual_prefix_33f4403fa5edfbde6998efbeee7b04d54a7f7740_fact_order'

During handling of the above exception, another exception occurred:

Traceback (most recent call last):
  File "/usr/local/lib/python3.8/site-packages/apache_beam/runners/worker/sdk_worker.py", line 311, in _execute
    response = task()
  File "/usr/local/lib/python3.8/site-packages/apache_beam/runners/worker/sdk_worker.py", line 386, in <lambda>
    lambda: self.create_worker().do_instruction(request), request)
  File "/usr/local/lib/python3.8/site-packages/apache_beam/runners/worker/sdk_worker.py", line 656, in do_instruction
    return getattr(self, request_type)(
  File "/usr/local/lib/python3.8/site-packages/apache_beam/runners/worker/sdk_worker.py", line 687, in process_bundle
    bundle_processor = self.bundle_processor_cache.get(
  File "/usr/local/lib/python3.8/site-packages/apache_beam/runners/worker/sdk_worker.py", line 510, in get
    processor = bundle_processor.BundleProcessor(
  File "/usr/local/lib/python3.8/site-packages/apache_beam/runners/worker/bundle_processor.py", line 974, in __init__
    self.ops = self.create_execution_tree(self.process_bundle_descriptor)
  File "/usr/local/lib/python3.8/site-packages/apache_beam/runners/worker/bundle_processor.py", line 1036, in create_execution_tree
    return collections.OrderedDict([(
  File "/usr/local/lib/python3.8/site-packages/apache_beam/runners/worker/bundle_processor.py", line 1039, in <listcomp>
    get_operation(transform_id))) for transform_id in sorted(
  File "/usr/local/lib/python3.8/site-packages/apache_beam/runners/worker/bundle_processor.py", line 875, in wrapper
    result = cache[args] = func(*args)
  File "/usr/local/lib/python3.8/site-packages/apache_beam/runners/worker/bundle_processor.py", line 1012, in get_operation
    transform_consumers = {
  File "/usr/local/lib/python3.8/site-packages/apache_beam/runners/worker/bundle_processor.py", line 1013, in <dictcomp>
    tag: [get_operation(op) for op in pcoll_consumers[pcoll_id]]
  File "/usr/local/lib/python3.8/site-packages/apache_beam/runners/worker/bundle_processor.py", line 1013, in <listcomp>
    tag: [get_operation(op) for op in pcoll_consumers[pcoll_id]]
  File "/usr/local/lib/python3.8/site-packages/apache_beam/runners/worker/bundle_processor.py", line 875, in wrapper
    result = cache[args] = func(*args)
  File "/usr/local/lib/python3.8/site-packages/apache_beam/runners/worker/bundle_processor.py", line 1012, in get_operation
    transform_consumers = {
  File "/usr/local/lib/python3.8/site-packages/apache_beam/runners/worker/bundle_processor.py", line 1013, in <dictcomp>
    tag: [get_operation(op) for op in pcoll_consumers[pcoll_id]]
  File "/usr/local/lib/python3.8/site-packages/apache_beam/runners/worker/bundle_processor.py", line 1013, in <listcomp>
    tag: [get_operation(op) for op in pcoll_consumers[pcoll_id]]
  File "/usr/local/lib/python3.8/site-packages/apache_beam/runners/worker/bundle_processor.py", line 875, in wrapper
    result = cache[args] = func(*args)
  File "/usr/local/lib/python3.8/site-packages/apache_beam/runners/worker/bundle_processor.py", line 1023, in get_operation
    return transform_factory.create_operation(
  File "/usr/local/lib/python3.8/site-packages/apache_beam/runners/worker/bundle_processor.py", line 1337, in create_operation
    return creator(self, transform_id, transform_proto, payload, consumers)
  File "/usr/local/lib/python3.8/site-packages/apache_beam/runners/worker/bundle_processor.py", line 1684, in create_par_do
    return _create_pardo_operation(
  File "/usr/local/lib/python3.8/site-packages/apache_beam/runners/worker/bundle_processor.py", line 1730, in _create_pardo_operation
    dofn_data = pickler.loads(serialized_fn)
  File "/usr/local/lib/python3.8/site-packages/apache_beam/internal/pickler.py", line 51, in loads
    return desired_pickle_lib.loads(
  File "/usr/local/lib/python3.8/site-packages/apache_beam/internal/dill_pickler.py", line 422, in loads
    return dill.loads(s)
  File "/usr/local/lib/python3.8/site-packages/dill/_dill.py", line 275, in loads
    return load(file, ignore, **kwds)
  File "/usr/local/lib/python3.8/site-packages/dill/_dill.py", line 270, in load
    return Unpickler(file, ignore=ignore, **kwds).load()
  File "/usr/local/lib/python3.8/site-packages/dill/_dill.py", line 472, in load
    obj = StockUnpickler.load(self)
  File "/usr/local/lib/python3.8/site-packages/dill/_dill.py", line 826, in _import_module
    return __import__(import_name)
ModuleNotFoundError: No module named 'unusual_prefix_33f4403fa5edfbde6998efbeee7b04d54a7f7740_fact_order'
; 3941)
[2024-07-23T04:00:43.999+0000] {local_task_job_runner.py:234} INFO - Task exited with return code 1
[2024-07-23T04:00:44.171+0000] {taskinstance.py:3280} INFO - 0 downstream tasks scheduled from follow-on schedule check
